mode: set
github.com/arthurgray2k/goLogParser/cmd/goLogParser/main.go:9.13,11.2 1 0
github.com/arthurgray2k/goLogParser/internal/cli/cli.go:22.20,24.39 2 0
github.com/arthurgray2k/goLogParser/internal/cli/cli.go:24.39,27.3 2 0
github.com/arthurgray2k/goLogParser/internal/cli/cli.go:28.2,28.10 1 0
github.com/arthurgray2k/goLogParser/internal/cli/cli.go:33.33,64.2 9 0
github.com/arthurgray2k/goLogParser/internal/cli/cli.go:68.34,75.55 2 0
github.com/arthurgray2k/goLogParser/internal/cli/cli.go:75.55,87.30 6 0
github.com/arthurgray2k/goLogParser/internal/cli/cli.go:87.30,89.19 2 0
github.com/arthurgray2k/goLogParser/internal/cli/cli.go:89.19,91.6 1 0
github.com/arthurgray2k/goLogParser/internal/cli/cli.go:92.5,92.38 1 0
github.com/arthurgray2k/goLogParser/internal/cli/cli.go:92.38,93.46 1 0
github.com/arthurgray2k/goLogParser/internal/cli/cli.go:93.46,95.7 1 0
github.com/arthurgray2k/goLogParser/internal/cli/cli.go:98.4,98.22 1 0
github.com/arthurgray2k/goLogParser/internal/cli/cli.go:102.2,104.12 3 0
github.com/arthurgray2k/goLogParser/internal/cli/cli.go:109.34,114.55 1 0
github.com/arthurgray2k/goLogParser/internal/cli/cli.go:114.55,120.30 5 0
github.com/arthurgray2k/goLogParser/internal/cli/cli.go:120.30,122.19 2 0
github.com/arthurgray2k/goLogParser/internal/cli/cli.go:122.19,124.6 1 0
github.com/arthurgray2k/goLogParser/internal/cli/cli.go:125.5,126.81 2 0
github.com/arthurgray2k/goLogParser/internal/cli/cli.go:126.81,128.6 1 0
github.com/arthurgray2k/goLogParser/internal/cli/cli.go:130.4,130.14 1 0
github.com/arthurgray2k/goLogParser/internal/cli/cli.go:134.2,135.12 2 0
github.com/arthurgray2k/goLogParser/internal/cli/cli.go:140.35,147.55 2 0
github.com/arthurgray2k/goLogParser/internal/cli/cli.go:147.55,157.30 6 0
github.com/arthurgray2k/goLogParser/internal/cli/cli.go:157.30,159.19 2 0
github.com/arthurgray2k/goLogParser/internal/cli/cli.go:159.19,161.6 1 0
github.com/arthurgray2k/goLogParser/internal/cli/cli.go:162.5,162.38 1 0
github.com/arthurgray2k/goLogParser/internal/cli/cli.go:162.38,163.46 1 0
github.com/arthurgray2k/goLogParser/internal/cli/cli.go:163.46,165.7 1 0
github.com/arthurgray2k/goLogParser/internal/cli/cli.go:168.4,168.22 1 0
github.com/arthurgray2k/goLogParser/internal/cli/cli.go:172.2,173.12 2 0
github.com/arthurgray2k/goLogParser/internal/cli/cli.go:178.35,185.55 2 0
github.com/arthurgray2k/goLogParser/internal/cli/cli.go:185.55,195.30 6 0
github.com/arthurgray2k/goLogParser/internal/cli/cli.go:195.30,197.19 2 0
github.com/arthurgray2k/goLogParser/internal/cli/cli.go:197.19,199.6 1 0
github.com/arthurgray2k/goLogParser/internal/cli/cli.go:200.5,200.38 1 0
github.com/arthurgray2k/goLogParser/internal/cli/cli.go:200.38,201.46 1 0
github.com/arthurgray2k/goLogParser/internal/cli/cli.go:201.46,203.7 1 0
github.com/arthurgray2k/goLogParser/internal/cli/cli.go:206.4,206.22 1 0
github.com/arthurgray2k/goLogParser/internal/cli/cli.go:210.2,212.12 3 0
github.com/arthurgray2k/goLogParser/internal/cli/cli.go:217.35,227.55 2 0
github.com/arthurgray2k/goLogParser/internal/cli/cli.go:227.55,238.30 6 0
github.com/arthurgray2k/goLogParser/internal/cli/cli.go:238.30,240.19 2 0
github.com/arthurgray2k/goLogParser/internal/cli/cli.go:240.19,242.6 1 0
github.com/arthurgray2k/goLogParser/internal/cli/cli.go:243.5,243.38 1 0
github.com/arthurgray2k/goLogParser/internal/cli/cli.go:243.38,244.46 1 0
github.com/arthurgray2k/goLogParser/internal/cli/cli.go:244.46,246.7 1 0
github.com/arthurgray2k/goLogParser/internal/cli/cli.go:249.4,249.22 1 0
github.com/arthurgray2k/goLogParser/internal/cli/cli.go:253.2,256.12 4 0
github.com/arthurgray2k/goLogParser/internal/cli/cli.go:261.33,266.55 1 0
github.com/arthurgray2k/goLogParser/internal/cli/cli.go:266.55,279.18 8 0
github.com/arthurgray2k/goLogParser/internal/cli/cli.go:279.18,281.5 1 0
github.com/arthurgray2k/goLogParser/internal/cli/cli.go:283.4,283.25 1 0
github.com/arthurgray2k/goLogParser/internal/cli/cli.go:283.25,284.54 1 0
github.com/arthurgray2k/goLogParser/internal/cli/cli.go:284.54,286.6 1 0
github.com/arthurgray2k/goLogParser/internal/cli/cli.go:288.4,288.14 1 0
github.com/arthurgray2k/goLogParser/internal/cli/cli.go:292.2,293.12 2 0
github.com/arthurgray2k/goLogParser/internal/cli/cli.go:300.36,304.43 1 0
github.com/arthurgray2k/goLogParser/internal/cli/cli.go:304.43,306.4 1 0
github.com/arthurgray2k/goLogParser/internal/cli/cli.go:313.41,325.2 11 0
github.com/arthurgray2k/goLogParser/internal/cli/cli.go:328.83,330.18 2 0
github.com/arthurgray2k/goLogParser/internal/cli/cli.go:330.18,332.3 1 0
github.com/arthurgray2k/goLogParser/internal/cli/cli.go:333.2,334.18 2 0
github.com/arthurgray2k/goLogParser/internal/cli/cli.go:334.18,336.3 1 0
github.com/arthurgray2k/goLogParser/internal/cli/cli.go:338.2,345.68 3 0
github.com/arthurgray2k/goLogParser/internal/cli/cli.go:345.68,346.28 1 0
github.com/arthurgray2k/goLogParser/internal/cli/cli.go:346.28,348.4 1 0
github.com/arthurgray2k/goLogParser/internal/cli/cli.go:350.2,359.61 8 0
github.com/arthurgray2k/goLogParser/internal/cli/cli.go:359.61,360.48 1 0
github.com/arthurgray2k/goLogParser/internal/cli/cli.go:360.48,362.4 1 0
github.com/arthurgray2k/goLogParser/internal/cli/cli.go:364.2,364.64 1 0
github.com/arthurgray2k/goLogParser/internal/cli/cli.go:364.64,365.49 1 0
github.com/arthurgray2k/goLogParser/internal/cli/cli.go:365.49,367.4 1 0
github.com/arthurgray2k/goLogParser/internal/cli/cli.go:371.2,371.19 1 0
github.com/arthurgray2k/goLogParser/internal/cli/cli.go:374.48,381.33 2 0
github.com/arthurgray2k/goLogParser/internal/cli/cli.go:381.33,382.50 1 0
github.com/arthurgray2k/goLogParser/internal/cli/cli.go:382.50,384.4 1 0
github.com/arthurgray2k/goLogParser/internal/cli/cli.go:386.2,386.67 1 0
github.com/arthurgray2k/goLogParser/internal/cli/cli.go:389.53,391.8 2 0
github.com/arthurgray2k/goLogParser/internal/cli/cli.go:391.8,393.3 1 0
github.com/arthurgray2k/goLogParser/internal/cli/cli.go:394.2,394.10 1 0
github.com/arthurgray2k/goLogParser/internal/cli/cli.go:398.38,400.12 2 0
github.com/arthurgray2k/goLogParser/internal/cli/cli.go:400.12,405.3 4 0
github.com/arthurgray2k/goLogParser/internal/cli/cli.go:406.2,406.12 1 0
github.com/arthurgray2k/goLogParser/internal/exporter/exporter.go:27.57,28.20 1 0
github.com/arthurgray2k/goLogParser/internal/exporter/exporter.go:29.27,30.31 1 0
github.com/arthurgray2k/goLogParser/internal/exporter/exporter.go:31.24,32.27 1 0
github.com/arthurgray2k/goLogParser/internal/exporter/exporter.go:33.28,34.54 1 0
github.com/arthurgray2k/goLogParser/internal/exporter/exporter.go:35.10,36.62 1 0
github.com/arthurgray2k/goLogParser/internal/exporter/exporter.go:49.62,50.15 1 0
github.com/arthurgray2k/goLogParser/internal/exporter/exporter.go:50.15,51.55 1 0
github.com/arthurgray2k/goLogParser/internal/exporter/exporter.go:51.55,53.4 1 0
github.com/arthurgray2k/goLogParser/internal/exporter/exporter.go:54.3,54.18 1 0
github.com/arthurgray2k/goLogParser/internal/exporter/exporter.go:56.2,56.14 1 0
github.com/arthurgray2k/goLogParser/internal/exporter/exporter.go:56.14,57.55 1 0
github.com/arthurgray2k/goLogParser/internal/exporter/exporter.go:57.55,59.4 1 0
github.com/arthurgray2k/goLogParser/internal/exporter/exporter.go:61.2,65.14 4 0
github.com/arthurgray2k/goLogParser/internal/exporter/exporter.go:65.14,67.3 1 0
github.com/arthurgray2k/goLogParser/internal/exporter/exporter.go:67.8,69.3 1 0
github.com/arthurgray2k/goLogParser/internal/exporter/exporter.go:70.2,70.16 1 0
github.com/arthurgray2k/goLogParser/internal/exporter/exporter.go:70.16,72.3 1 0
github.com/arthurgray2k/goLogParser/internal/exporter/exporter.go:73.2,73.14 1 0
github.com/arthurgray2k/goLogParser/internal/exporter/exporter.go:73.14,75.3 1 0
github.com/arthurgray2k/goLogParser/internal/exporter/exporter.go:75.8,77.3 1 0
github.com/arthurgray2k/goLogParser/internal/exporter/exporter.go:78.2,78.12 1 0
github.com/arthurgray2k/goLogParser/internal/exporter/exporter.go:81.38,82.15 1 0
github.com/arthurgray2k/goLogParser/internal/exporter/exporter.go:82.15,85.3 2 0
github.com/arthurgray2k/goLogParser/internal/exporter/exporter.go:86.2,87.12 2 0
github.com/arthurgray2k/goLogParser/internal/exporter/exporter.go:94.64,96.16 2 0
github.com/arthurgray2k/goLogParser/internal/exporter/exporter.go:96.16,98.3 1 0
github.com/arthurgray2k/goLogParser/internal/exporter/exporter.go:99.2,100.12 2 0
github.com/arthurgray2k/goLogParser/internal/exporter/exporter.go:103.40,103.54 1 0
github.com/arthurgray2k/goLogParser/internal/exporter/exporter.go:116.47,118.2 1 0
github.com/arthurgray2k/goLogParser/internal/exporter/exporter.go:120.61,121.16 1 0
github.com/arthurgray2k/goLogParser/internal/exporter/exporter.go:121.16,122.48 1 0
github.com/arthurgray2k/goLogParser/internal/exporter/exporter.go:122.48,124.4 1 0
github.com/arthurgray2k/goLogParser/internal/exporter/exporter.go:125.3,125.19 1 0
github.com/arthurgray2k/goLogParser/internal/exporter/exporter.go:127.2,138.24 2 0
github.com/arthurgray2k/goLogParser/internal/exporter/exporter.go:141.37,144.2 2 0
github.com/arthurgray2k/goLogParser/internal/exporter/exporter.go:163.65,167.15 4 0
github.com/arthurgray2k/goLogParser/internal/exporter/exporter.go:167.15,169.3 1 0
github.com/arthurgray2k/goLogParser/internal/exporter/exporter.go:171.2,171.15 1 0
github.com/arthurgray2k/goLogParser/internal/exporter/exporter.go:171.15,174.3 2 0
github.com/arthurgray2k/goLogParser/internal/exporter/exporter.go:176.2,182.12 3 0
github.com/arthurgray2k/goLogParser/internal/exporter/exporter.go:185.41,185.55 1 0
github.com/arthurgray2k/goLogParser/internal/exporter/exporter.go:187.38,188.32 1 0
github.com/arthurgray2k/goLogParser/internal/exporter/exporter.go:189.33,190.17 1 0
github.com/arthurgray2k/goLogParser/internal/exporter/exporter.go:191.25,192.20 1 0
github.com/arthurgray2k/goLogParser/internal/exporter/exporter.go:193.24,194.18 1 0
github.com/arthurgray2k/goLogParser/internal/exporter/exporter.go:195.14,196.18 1 0
github.com/arthurgray2k/goLogParser/internal/exporter/exporter.go:197.10,198.19 1 0
github.com/arthurgray2k/goLogParser/internal/exporter/exporter.go:205.70,216.35 3 0
github.com/arthurgray2k/goLogParser/internal/exporter/exporter.go:216.35,221.3 1 0
github.com/arthurgray2k/goLogParser/internal/exporter/exporter.go:223.2,224.37 2 0
github.com/arthurgray2k/goLogParser/internal/exporter/exporter.go:224.37,226.3 1 0
github.com/arthurgray2k/goLogParser/internal/exporter/exporter.go:228.2,228.25 1 0
github.com/arthurgray2k/goLogParser/internal/exporter/exporter.go:228.25,230.3 1 0
github.com/arthurgray2k/goLogParser/internal/exporter/exporter.go:231.2,231.22 1 0
github.com/arthurgray2k/goLogParser/internal/exporter/exporter.go:231.22,233.3 1 0
github.com/arthurgray2k/goLogParser/internal/exporter/exporter.go:234.2,236.26 2 0
github.com/arthurgray2k/goLogParser/internal/exporter/exporter.go:236.26,237.47 1 0
github.com/arthurgray2k/goLogParser/internal/exporter/exporter.go:237.47,239.4 1 0
github.com/arthurgray2k/goLogParser/internal/exporter/exporter.go:241.2,241.12 1 0
github.com/arthurgray2k/goLogParser/internal/exporter/exporter.go:246.49,252.27 2 0
github.com/arthurgray2k/goLogParser/internal/exporter/exporter.go:252.27,254.3 1 0
github.com/arthurgray2k/goLogParser/internal/exporter/exporter.go:255.2,255.18 1 0
github.com/arthurgray2k/goLogParser/internal/exporter/exporter.go:255.18,257.3 1 0
github.com/arthurgray2k/goLogParser/internal/exporter/exporter.go:258.2,258.21 1 0
github.com/arthurgray2k/goLogParser/internal/exporter/exporter.go:258.21,260.3 1 0
github.com/arthurgray2k/goLogParser/internal/exporter/exporter.go:261.2,261.21 1 0
github.com/arthurgray2k/goLogParser/internal/exporter/exporter.go:261.21,263.3 1 0
github.com/arthurgray2k/goLogParser/internal/exporter/exporter.go:264.2,264.16 1 0
github.com/arthurgray2k/goLogParser/internal/exporter/exporter.go:264.16,266.3 1 0
github.com/arthurgray2k/goLogParser/internal/exporter/exporter.go:267.2,267.20 1 0
github.com/arthurgray2k/goLogParser/internal/exporter/exporter.go:267.20,269.3 1 0
github.com/arthurgray2k/goLogParser/internal/exporter/exporter.go:270.2,270.29 1 0
github.com/arthurgray2k/goLogParser/internal/exporter/exporter.go:270.29,271.33 1 0
github.com/arthurgray2k/goLogParser/internal/exporter/exporter.go:271.33,273.4 1 0
github.com/arthurgray2k/goLogParser/internal/exporter/exporter.go:275.2,275.25 1 0
github.com/arthurgray2k/goLogParser/internal/exporter/exporter.go:275.25,277.3 1 0
github.com/arthurgray2k/goLogParser/internal/exporter/exporter.go:278.2,278.10 1 0
github.com/arthurgray2k/goLogParser/internal/exporter/exporter.go:281.34,282.16 1 0
github.com/arthurgray2k/goLogParser/internal/exporter/exporter.go:282.16,284.3 1 0
github.com/arthurgray2k/goLogParser/internal/exporter/exporter.go:285.2,285.47 1 0
github.com/arthurgray2k/goLogParser/internal/exporter/exporter.go:288.39,289.17 1 0
github.com/arthurgray2k/goLogParser/internal/exporter/exporter.go:289.17,291.3 1 0
github.com/arthurgray2k/goLogParser/internal/exporter/exporter.go:292.2,292.42 1 0
github.com/arthurgray2k/goLogParser/internal/filters/filters.go:22.49,22.64 1 0
github.com/arthurgray2k/goLogParser/internal/filters/filters.go:27.36,28.47 1 0
github.com/arthurgray2k/goLogParser/internal/filters/filters.go:28.47,29.29 1 0
github.com/arthurgray2k/goLogParser/internal/filters/filters.go:29.29,30.19 1 0
github.com/arthurgray2k/goLogParser/internal/filters/filters.go:30.19,32.5 1 0
github.com/arthurgray2k/goLogParser/internal/filters/filters.go:34.3,34.14 1 0
github.com/arthurgray2k/goLogParser/internal/filters/filters.go:39.35,40.47 1 0
github.com/arthurgray2k/goLogParser/internal/filters/filters.go:40.47,41.29 1 0
github.com/arthurgray2k/goLogParser/internal/filters/filters.go:41.29,42.18 1 0
github.com/arthurgray2k/goLogParser/internal/filters/filters.go:42.18,44.5 1 0
github.com/arthurgray2k/goLogParser/internal/filters/filters.go:46.3,46.15 1 0
github.com/arthurgray2k/goLogParser/internal/filters/filters.go:51.27,52.47 1 0
github.com/arthurgray2k/goLogParser/internal/filters/filters.go:52.47,52.69 1 0
github.com/arthurgray2k/goLogParser/internal/filters/filters.go:59.43,61.27 2 0
github.com/arthurgray2k/goLogParser/internal/filters/filters.go:61.27,63.3 1 0
github.com/arthurgray2k/goLogParser/internal/filters/filters.go:64.2,64.47 1 0
github.com/arthurgray2k/goLogParser/internal/filters/filters.go:64.47,67.3 2 0
github.com/arthurgray2k/goLogParser/internal/filters/filters.go:74.44,75.47 1 0
github.com/arthurgray2k/goLogParser/internal/filters/filters.go:75.47,76.32 1 0
github.com/arthurgray2k/goLogParser/internal/filters/filters.go:76.32,77.39 1 0
github.com/arthurgray2k/goLogParser/internal/filters/filters.go:77.39,79.5 1 0
github.com/arthurgray2k/goLogParser/internal/filters/filters.go:81.3,81.14 1 0
github.com/arthurgray2k/goLogParser/internal/filters/filters.go:87.47,88.47 1 0
github.com/arthurgray2k/goLogParser/internal/filters/filters.go:88.47,89.32 1 0
github.com/arthurgray2k/goLogParser/internal/filters/filters.go:89.32,90.38 1 0
github.com/arthurgray2k/goLogParser/internal/filters/filters.go:90.38,92.5 1 0
github.com/arthurgray2k/goLogParser/internal/filters/filters.go:94.3,94.15 1 0
github.com/arthurgray2k/goLogParser/internal/filters/filters.go:100.47,102.2 1 0
github.com/arthurgray2k/goLogParser/internal/filters/filters.go:106.39,107.47 1 0
github.com/arthurgray2k/goLogParser/internal/filters/filters.go:107.47,109.3 1 0
github.com/arthurgray2k/goLogParser/internal/filters/filters.go:114.37,115.47 1 0
github.com/arthurgray2k/goLogParser/internal/filters/filters.go:115.47,117.3 1 0
github.com/arthurgray2k/goLogParser/internal/filters/filters.go:122.44,124.16 2 0
github.com/arthurgray2k/goLogParser/internal/filters/filters.go:124.16,126.3 1 0
github.com/arthurgray2k/goLogParser/internal/filters/filters.go:127.2,127.47 1 0
github.com/arthurgray2k/goLogParser/internal/filters/filters.go:127.47,129.3 1 0
github.com/arthurgray2k/goLogParser/internal/filters/filters.go:134.39,136.16 2 0
github.com/arthurgray2k/goLogParser/internal/filters/filters.go:136.16,137.13 1 0
github.com/arthurgray2k/goLogParser/internal/filters/filters.go:139.2,139.10 1 0
github.com/arthurgray2k/goLogParser/internal/filters/filters.go:146.39,148.26 2 0
github.com/arthurgray2k/goLogParser/internal/filters/filters.go:148.26,150.3 1 0
github.com/arthurgray2k/goLogParser/internal/filters/filters.go:151.2,151.47 1 0
github.com/arthurgray2k/goLogParser/internal/filters/filters.go:151.47,154.3 2 0
github.com/arthurgray2k/goLogParser/internal/filters/filters.go:159.36,161.26 2 0
github.com/arthurgray2k/goLogParser/internal/filters/filters.go:161.26,163.3 1 0
github.com/arthurgray2k/goLogParser/internal/filters/filters.go:164.2,164.47 1 0
github.com/arthurgray2k/goLogParser/internal/filters/filters.go:164.47,167.3 2 0
github.com/arthurgray2k/goLogParser/internal/filters/filters.go:176.38,177.47 1 0
github.com/arthurgray2k/goLogParser/internal/filters/filters.go:177.47,179.10 2 0
github.com/arthurgray2k/goLogParser/internal/filters/filters.go:179.10,181.4 1 0
github.com/arthurgray2k/goLogParser/internal/filters/filters.go:182.3,182.56 1 0
github.com/arthurgray2k/goLogParser/internal/filters/filters.go:190.58,193.25 2 0
github.com/arthurgray2k/goLogParser/internal/filters/filters.go:193.25,195.3 1 0
github.com/arthurgray2k/goLogParser/internal/filters/filters.go:196.2,196.27 1 0
github.com/arthurgray2k/goLogParser/internal/filters/filters.go:196.27,198.3 1 0
github.com/arthurgray2k/goLogParser/internal/filters/filters.go:199.2,199.30 1 0
github.com/arthurgray2k/goLogParser/internal/filters/filters.go:199.30,201.3 1 0
github.com/arthurgray2k/goLogParser/internal/filters/filters.go:202.2,202.21 1 0
github.com/arthurgray2k/goLogParser/internal/filters/filters.go:202.21,204.17 2 0
github.com/arthurgray2k/goLogParser/internal/filters/filters.go:204.17,206.4 1 0
github.com/arthurgray2k/goLogParser/internal/filters/filters.go:207.3,207.28 1 0
github.com/arthurgray2k/goLogParser/internal/filters/filters.go:209.2,209.27 1 0
github.com/arthurgray2k/goLogParser/internal/filters/filters.go:209.27,211.3 1 0
github.com/arthurgray2k/goLogParser/internal/filters/filters.go:212.2,212.24 1 0
github.com/arthurgray2k/goLogParser/internal/filters/filters.go:212.24,214.3 1 0
github.com/arthurgray2k/goLogParser/internal/filters/filters.go:215.2,215.22 1 0
github.com/arthurgray2k/goLogParser/internal/filters/filters.go:215.22,217.63 2 0
github.com/arthurgray2k/goLogParser/internal/filters/filters.go:217.63,219.4 1 0
github.com/arthurgray2k/goLogParser/internal/filters/filters.go:221.2,221.23 1 0
github.com/arthurgray2k/goLogParser/internal/filters/filters.go:221.23,223.63 2 0
github.com/arthurgray2k/goLogParser/internal/filters/filters.go:223.63,225.4 1 0
github.com/arthurgray2k/goLogParser/internal/filters/filters.go:227.2,227.26 1 0
github.com/arthurgray2k/goLogParser/internal/filters/filters.go:227.26,229.3 1 0
github.com/arthurgray2k/goLogParser/internal/filters/filters.go:230.2,230.24 1 0
github.com/arthurgray2k/goLogParser/internal/filters/filters.go:230.24,232.3 1 0
github.com/arthurgray2k/goLogParser/internal/filters/filters.go:233.2,233.31 1 0
github.com/arthurgray2k/goLogParser/internal/filters/filters.go:233.31,235.3 1 0
github.com/arthurgray2k/goLogParser/internal/filters/filters.go:237.2,237.21 1 0
github.com/arthurgray2k/goLogParser/internal/filters/filters.go:237.21,239.48 1 0
github.com/arthurgray2k/goLogParser/internal/filters/filters.go:239.48,239.63 1 0
github.com/arthurgray2k/goLogParser/internal/filters/filters.go:241.2,241.27 1 0
github.com/arthurgray2k/goLogParser/internal/formats/detect.go:13.35,17.29 3 0
github.com/arthurgray2k/goLogParser/internal/formats/detect.go:17.29,19.24 2 0
github.com/arthurgray2k/goLogParser/internal/formats/detect.go:19.24,22.4 2 0
github.com/arthurgray2k/goLogParser/internal/formats/detect.go:26.2,26.22 1 0
github.com/arthurgray2k/goLogParser/internal/formats/detect.go:26.22,28.3 1 0
github.com/arthurgray2k/goLogParser/internal/formats/detect.go:31.2,31.27 1 0
github.com/arthurgray2k/goLogParser/internal/formats/detect.go:36.49,37.39 1 1
github.com/arthurgray2k/goLogParser/internal/formats/detect.go:37.39,40.3 1 0
github.com/arthurgray2k/goLogParser/internal/formats/detect.go:42.2,42.29 1 1
github.com/arthurgray2k/goLogParser/internal/formats/detect.go:42.29,43.28 1 1
github.com/arthurgray2k/goLogParser/internal/formats/detect.go:43.28,45.4 1 1
github.com/arthurgray2k/goLogParser/internal/formats/detect.go:48.2,48.52 1 0
github.com/arthurgray2k/goLogParser/internal/formats/formats.go:72.31,74.2 1 1
github.com/arthurgray2k/goLogParser/internal/formats/formats.go:77.28,81.2 3 0
github.com/arthurgray2k/goLogParser/internal/formats/helpers.go:36.38,38.15 2 1
github.com/arthurgray2k/goLogParser/internal/formats/helpers.go:38.15,40.3 1 0
github.com/arthurgray2k/goLogParser/internal/formats/helpers.go:41.2,41.48 1 1
github.com/arthurgray2k/goLogParser/internal/formats/helpers.go:41.48,42.52 1 1
github.com/arthurgray2k/goLogParser/internal/formats/helpers.go:42.52,44.21 1 1
github.com/arthurgray2k/goLogParser/internal/formats/helpers.go:44.21,46.5 1 1
github.com/arthurgray2k/goLogParser/internal/formats/helpers.go:47.4,47.18 1 1
github.com/arthurgray2k/goLogParser/internal/formats/helpers.go:50.2,50.20 1 0
github.com/arthurgray2k/goLogParser/internal/formats/helpers.go:55.62,56.25 1 1
github.com/arthurgray2k/goLogParser/internal/formats/helpers.go:56.25,58.10 2 1
github.com/arthurgray2k/goLogParser/internal/formats/helpers.go:58.10,59.12 1 1
github.com/arthurgray2k/goLogParser/internal/formats/helpers.go:61.3,61.25 1 1
github.com/arthurgray2k/goLogParser/internal/formats/helpers.go:62.15,63.39 1 1
github.com/arthurgray2k/goLogParser/internal/formats/helpers.go:63.39,66.5 2 1
github.com/arthurgray2k/goLogParser/internal/formats/helpers.go:67.16,73.12 5 0
github.com/arthurgray2k/goLogParser/internal/formats/helpers.go:76.2,76.20 1 1
github.com/arthurgray2k/goLogParser/internal/formats/helpers.go:82.61,83.25 1 1
github.com/arthurgray2k/goLogParser/internal/formats/helpers.go:83.25,85.10 2 1
github.com/arthurgray2k/goLogParser/internal/formats/helpers.go:85.10,86.12 1 1
github.com/arthurgray2k/goLogParser/internal/formats/helpers.go:88.3,89.14 2 1
github.com/arthurgray2k/goLogParser/internal/formats/helpers.go:89.14,92.4 2 1
github.com/arthurgray2k/goLogParser/internal/formats/helpers.go:94.2,94.11 1 1
github.com/arthurgray2k/goLogParser/internal/formats/helpers.go:99.40,100.49 1 1
github.com/arthurgray2k/goLogParser/internal/formats/helpers.go:101.22,102.17 1 0
github.com/arthurgray2k/goLogParser/internal/formats/helpers.go:103.27,104.17 1 0
github.com/arthurgray2k/goLogParser/internal/formats/helpers.go:105.41,106.16 1 0
github.com/arthurgray2k/goLogParser/internal/formats/helpers.go:107.37,108.16 1 1
github.com/arthurgray2k/goLogParser/internal/formats/helpers.go:109.27,110.17 1 1
github.com/arthurgray2k/goLogParser/internal/formats/helpers.go:111.40,112.17 1 0
github.com/arthurgray2k/goLogParser/internal/formats/helpers.go:113.15,114.17 1 0
github.com/arthurgray2k/goLogParser/internal/formats/helpers.go:115.10,116.16 1 0
github.com/arthurgray2k/goLogParser/internal/formats/helpers.go:116.16,118.4 1 0
github.com/arthurgray2k/goLogParser/internal/formats/helpers.go:119.3,119.30 1 0
github.com/arthurgray2k/goLogParser/internal/formats/json.go:13.13,13.46 1 1
github.com/arthurgray2k/goLogParser/internal/formats/json.go:16.36,16.53 1 1
github.com/arthurgray2k/goLogParser/internal/formats/json.go:20.54,22.62 2 1
github.com/arthurgray2k/goLogParser/internal/formats/json.go:22.62,24.3 1 0
github.com/arthurgray2k/goLogParser/internal/formats/json.go:25.2,26.46 2 1
github.com/arthurgray2k/goLogParser/internal/formats/json.go:26.46,28.3 1 0
github.com/arthurgray2k/goLogParser/internal/formats/json.go:29.2,29.72 1 1
github.com/arthurgray2k/goLogParser/internal/formats/json.go:29.72,30.30 1 1
github.com/arthurgray2k/goLogParser/internal/formats/json.go:30.30,32.4 1 1
github.com/arthurgray2k/goLogParser/internal/formats/json.go:35.2,35.12 1 0
github.com/arthurgray2k/goLogParser/internal/formats/json.go:39.51,44.54 4 1
github.com/arthurgray2k/goLogParser/internal/formats/json.go:44.54,47.3 2 0
github.com/arthurgray2k/goLogParser/internal/formats/json.go:49.2,58.10 9 1
github.com/arthurgray2k/goLogParser/internal/formats/ndjson.go:15.13,15.48 1 1
github.com/arthurgray2k/goLogParser/internal/formats/ndjson.go:18.38,18.57 1 1
github.com/arthurgray2k/goLogParser/internal/formats/ndjson.go:22.56,24.62 2 0
github.com/arthurgray2k/goLogParser/internal/formats/ndjson.go:24.62,26.3 1 0
github.com/arthurgray2k/goLogParser/internal/formats/ndjson.go:27.2,28.46 2 0
github.com/arthurgray2k/goLogParser/internal/formats/ndjson.go:28.46,30.3 1 0
github.com/arthurgray2k/goLogParser/internal/formats/ndjson.go:33.2,33.72 1 0
github.com/arthurgray2k/goLogParser/internal/formats/ndjson.go:33.72,34.30 1 0
github.com/arthurgray2k/goLogParser/internal/formats/ndjson.go:34.30,36.4 1 0
github.com/arthurgray2k/goLogParser/internal/formats/ndjson.go:38.2,38.13 1 0
github.com/arthurgray2k/goLogParser/internal/formats/ndjson.go:42.53,44.2 1 1
github.com/arthurgray2k/goLogParser/internal/formats/syslog.go:25.43,27.18 2 1
github.com/arthurgray2k/goLogParser/internal/formats/syslog.go:28.12,29.17 1 0
github.com/arthurgray2k/goLogParser/internal/formats/syslog.go:30.9,31.17 1 1
github.com/arthurgray2k/goLogParser/internal/formats/syslog.go:32.9,33.17 1 0
github.com/arthurgray2k/goLogParser/internal/formats/syslog.go:34.9,35.16 1 0
github.com/arthurgray2k/goLogParser/internal/formats/syslog.go:36.12,37.16 1 0
github.com/arthurgray2k/goLogParser/internal/formats/syslog.go:38.9,39.17 1 0
github.com/arthurgray2k/goLogParser/internal/formats/syslog.go:40.10,41.19 1 0
github.com/arthurgray2k/goLogParser/internal/formats/syslog.go:48.13,48.48 1 1
github.com/arthurgray2k/goLogParser/internal/formats/syslog.go:51.38,51.57 1 1
github.com/arthurgray2k/goLogParser/internal/formats/syslog.go:54.56,55.72 1 1
github.com/arthurgray2k/goLogParser/internal/formats/syslog.go:55.72,57.3 1 1
github.com/arthurgray2k/goLogParser/internal/formats/syslog.go:58.2,58.38 1 1
github.com/arthurgray2k/goLogParser/internal/formats/syslog.go:58.38,60.3 1 1
github.com/arthurgray2k/goLogParser/internal/formats/syslog.go:61.2,61.10 1 0
github.com/arthurgray2k/goLogParser/internal/formats/syslog.go:65.53,69.58 2 1
github.com/arthurgray2k/goLogParser/internal/formats/syslog.go:69.58,76.49 7 1
github.com/arthurgray2k/goLogParser/internal/formats/syslog.go:76.49,78.4 1 1
github.com/arthurgray2k/goLogParser/internal/formats/syslog.go:79.3,84.11 3 1
github.com/arthurgray2k/goLogParser/internal/formats/syslog.go:88.2,88.58 1 1
github.com/arthurgray2k/goLogParser/internal/formats/syslog.go:88.58,93.49 5 1
github.com/arthurgray2k/goLogParser/internal/formats/syslog.go:93.49,95.4 1 1
github.com/arthurgray2k/goLogParser/internal/formats/syslog.go:96.3,102.10 4 1
github.com/arthurgray2k/goLogParser/internal/formats/syslog.go:103.76,104.21 1 1
github.com/arthurgray2k/goLogParser/internal/formats/syslog.go:105.40,106.20 1 0
github.com/arthurgray2k/goLogParser/internal/formats/syslog.go:107.76,108.21 1 0
github.com/arthurgray2k/goLogParser/internal/formats/syslog.go:109.41,110.21 1 0
github.com/arthurgray2k/goLogParser/internal/formats/syslog.go:112.3,112.11 1 1
github.com/arthurgray2k/goLogParser/internal/formats/syslog.go:115.2,116.10 2 0
github.com/arthurgray2k/goLogParser/internal/formats/text.go:13.13,13.51 1 1
github.com/arthurgray2k/goLogParser/internal/formats/text.go:16.41,16.58 1 1
github.com/arthurgray2k/goLogParser/internal/formats/text.go:19.54,19.68 1 0
github.com/arthurgray2k/goLogParser/internal/formats/text.go:34.56,38.53 2 1
github.com/arthurgray2k/goLogParser/internal/formats/text.go:38.53,41.3 2 1
github.com/arthurgray2k/goLogParser/internal/formats/text.go:44.2,44.58 1 1
github.com/arthurgray2k/goLogParser/internal/formats/text.go:44.58,48.16 3 1
github.com/arthurgray2k/goLogParser/internal/formats/text.go:48.16,50.67 2 1
github.com/arthurgray2k/goLogParser/internal/formats/text.go:50.67,52.5 1 1
github.com/arthurgray2k/goLogParser/internal/formats/text.go:53.4,54.65 2 1
github.com/arthurgray2k/goLogParser/internal/formats/text.go:54.65,56.5 1 1
github.com/arthurgray2k/goLogParser/internal/formats/text.go:57.4,57.107 1 1
github.com/arthurgray2k/goLogParser/internal/formats/text.go:57.107,59.5 1 1
github.com/arthurgray2k/goLogParser/internal/formats/text.go:60.4,60.36 1 1
github.com/arthurgray2k/goLogParser/internal/formats/text.go:64.2,64.19 1 1
github.com/arthurgray2k/goLogParser/internal/formats/text.go:64.19,66.3 1 0
github.com/arthurgray2k/goLogParser/internal/formats/text.go:68.2,69.10 2 1
github.com/arthurgray2k/goLogParser/internal/formats/web.go:28.53,32.14 3 1
github.com/arthurgray2k/goLogParser/internal/formats/web.go:32.14,34.3 1 1
github.com/arthurgray2k/goLogParser/internal/formats/web.go:36.2,37.14 2 1
github.com/arthurgray2k/goLogParser/internal/formats/web.go:37.14,40.3 2 0
github.com/arthurgray2k/goLogParser/internal/formats/web.go:42.2,58.30 7 1
github.com/arthurgray2k/goLogParser/internal/formats/web.go:58.30,61.3 2 1
github.com/arthurgray2k/goLogParser/internal/formats/web.go:64.2,64.55 1 1
github.com/arthurgray2k/goLogParser/internal/formats/web.go:64.55,65.10 1 1
github.com/arthurgray2k/goLogParser/internal/formats/web.go:66.20,67.21 1 0
github.com/arthurgray2k/goLogParser/internal/formats/web.go:68.20,69.20 1 0
github.com/arthurgray2k/goLogParser/internal/formats/web.go:70.11,71.20 1 1
github.com/arthurgray2k/goLogParser/internal/formats/web.go:73.3,73.31 1 1
github.com/arthurgray2k/goLogParser/internal/formats/web.go:77.2,78.21 2 1
github.com/arthurgray2k/goLogParser/internal/formats/web.go:78.21,81.3 2 1
github.com/arthurgray2k/goLogParser/internal/formats/web.go:82.2,82.21 1 1
github.com/arthurgray2k/goLogParser/internal/formats/web.go:82.21,84.3 1 1
github.com/arthurgray2k/goLogParser/internal/formats/web.go:86.2,88.10 3 1
github.com/arthurgray2k/goLogParser/internal/formats/web.go:96.13,96.45 1 1
github.com/arthurgray2k/goLogParser/internal/formats/web.go:98.35,98.51 1 1
github.com/arthurgray2k/goLogParser/internal/formats/web.go:100.53,101.31 1 1
github.com/arthurgray2k/goLogParser/internal/formats/web.go:101.31,103.3 1 1
github.com/arthurgray2k/goLogParser/internal/formats/web.go:104.2,104.10 1 0
github.com/arthurgray2k/goLogParser/internal/formats/web.go:107.50,107.86 1 1
github.com/arthurgray2k/goLogParser/internal/formats/web.go:114.13,114.50 1 1
github.com/arthurgray2k/goLogParser/internal/formats/web.go:116.40,116.61 1 1
github.com/arthurgray2k/goLogParser/internal/formats/web.go:118.58,119.36 1 1
github.com/arthurgray2k/goLogParser/internal/formats/web.go:119.36,121.3 1 1
github.com/arthurgray2k/goLogParser/internal/formats/web.go:122.2,122.10 1 0
github.com/arthurgray2k/goLogParser/internal/formats/web.go:125.55,125.90 1 1
github.com/arthurgray2k/goLogParser/internal/formats/web.go:135.13,135.54 1 1
github.com/arthurgray2k/goLogParser/internal/formats/web.go:138.44,138.70 1 1
github.com/arthurgray2k/goLogParser/internal/formats/web.go:140.62,142.15 2 0
github.com/arthurgray2k/goLogParser/internal/formats/web.go:142.15,144.3 1 0
github.com/arthurgray2k/goLogParser/internal/formats/web.go:145.2,145.31 1 0
github.com/arthurgray2k/goLogParser/internal/formats/web.go:148.59,150.25 2 0
github.com/arthurgray2k/goLogParser/internal/formats/web.go:150.25,152.3 1 0
github.com/arthurgray2k/goLogParser/internal/formats/web.go:153.2,154.10 2 0
github.com/arthurgray2k/goLogParser/internal/formats/web.go:168.13,168.53 1 1
github.com/arthurgray2k/goLogParser/internal/formats/web.go:170.43,170.68 1 1
github.com/arthurgray2k/goLogParser/internal/formats/web.go:172.61,173.73 1 1
github.com/arthurgray2k/goLogParser/internal/formats/web.go:173.73,174.38 1 1
github.com/arthurgray2k/goLogParser/internal/formats/web.go:174.38,176.4 1 1
github.com/arthurgray2k/goLogParser/internal/formats/web.go:178.2,178.10 1 0
github.com/arthurgray2k/goLogParser/internal/formats/web.go:181.58,184.14 3 1
github.com/arthurgray2k/goLogParser/internal/formats/web.go:184.14,187.3 2 0
github.com/arthurgray2k/goLogParser/internal/formats/web.go:189.2,193.16 4 1
github.com/arthurgray2k/goLogParser/internal/formats/web.go:193.16,196.42 2 1
github.com/arthurgray2k/goLogParser/internal/formats/web.go:196.42,198.4 1 1
github.com/arthurgray2k/goLogParser/internal/formats/web.go:198.9,198.46 1 0
github.com/arthurgray2k/goLogParser/internal/formats/web.go:198.46,199.79 1 0
github.com/arthurgray2k/goLogParser/internal/formats/web.go:199.79,201.5 1 0
github.com/arthurgray2k/goLogParser/internal/formats/web.go:202.9,204.4 1 0
github.com/arthurgray2k/goLogParser/internal/formats/web.go:207.2,209.10 3 1
github.com/arthurgray2k/goLogParser/internal/formats/web.go:217.13,217.53 1 1
github.com/arthurgray2k/goLogParser/internal/formats/web.go:219.43,219.68 1 1
github.com/arthurgray2k/goLogParser/internal/formats/web.go:221.61,222.36 1 0
github.com/arthurgray2k/goLogParser/internal/formats/web.go:222.36,224.3 1 0
github.com/arthurgray2k/goLogParser/internal/formats/web.go:225.2,225.10 1 0
github.com/arthurgray2k/goLogParser/internal/formats/web.go:228.58,232.2 3 0
github.com/arthurgray2k/goLogParser/internal/formats/web.go:245.13,245.52 1 1
github.com/arthurgray2k/goLogParser/internal/formats/web.go:247.42,247.66 1 1
github.com/arthurgray2k/goLogParser/internal/formats/web.go:249.60,250.38 1 1
github.com/arthurgray2k/goLogParser/internal/formats/web.go:250.38,252.3 1 1
github.com/arthurgray2k/goLogParser/internal/formats/web.go:253.2,253.10 1 0
github.com/arthurgray2k/goLogParser/internal/formats/web.go:256.57,259.14 3 1
github.com/arthurgray2k/goLogParser/internal/formats/web.go:259.14,262.3 2 0
github.com/arthurgray2k/goLogParser/internal/formats/web.go:264.2,273.16 6 1
github.com/arthurgray2k/goLogParser/internal/formats/web.go:273.16,275.3 1 1
github.com/arthurgray2k/goLogParser/internal/formats/web.go:277.2,279.10 3 1
github.com/arthurgray2k/goLogParser/internal/parser/parser.go:50.105,52.16 2 0
github.com/arthurgray2k/goLogParser/internal/parser/parser.go:52.16,54.3 1 0
github.com/arthurgray2k/goLogParser/internal/parser/parser.go:56.2,56.19 1 0
github.com/arthurgray2k/goLogParser/internal/parser/parser.go:56.19,58.3 1 0
github.com/arthurgray2k/goLogParser/internal/parser/parser.go:60.2,65.8 1 0
github.com/arthurgray2k/goLogParser/internal/parser/parser.go:70.93,74.18 3 0
github.com/arthurgray2k/goLogParser/internal/parser/parser.go:74.18,76.3 1 0
github.com/arthurgray2k/goLogParser/internal/parser/parser.go:78.2,79.20 2 0
github.com/arthurgray2k/goLogParser/internal/parser/parser.go:79.20,81.3 1 0
github.com/arthurgray2k/goLogParser/internal/parser/parser.go:84.2,85.61 2 0
github.com/arthurgray2k/goLogParser/internal/parser/parser.go:85.61,88.3 1 0
github.com/arthurgray2k/goLogParser/internal/parser/parser.go:88.8,91.17 3 0
github.com/arthurgray2k/goLogParser/internal/parser/parser.go:91.17,93.4 1 0
github.com/arthurgray2k/goLogParser/internal/parser/parser.go:97.2,112.31 6 0
github.com/arthurgray2k/goLogParser/internal/parser/parser.go:112.31,114.13 2 0
github.com/arthurgray2k/goLogParser/internal/parser/parser.go:114.13,117.4 2 0
github.com/arthurgray2k/goLogParser/internal/parser/parser.go:121.2,121.12 1 0
github.com/arthurgray2k/goLogParser/internal/parser/parser.go:121.12,125.28 3 0
github.com/arthurgray2k/goLogParser/internal/parser/parser.go:125.28,127.31 2 0
github.com/arthurgray2k/goLogParser/internal/parser/parser.go:127.31,128.12 1 0
github.com/arthurgray2k/goLogParser/internal/parser/parser.go:129.23,130.12 1 0
github.com/arthurgray2k/goLogParser/internal/parser/parser.go:131.27,131.27 0 0
github.com/arthurgray2k/goLogParser/internal/parser/parser.go:133.5,133.47 1 0
github.com/arthurgray2k/goLogParser/internal/parser/parser.go:136.3,136.21 1 0
github.com/arthurgray2k/goLogParser/internal/parser/parser.go:136.21,137.11 1 0
github.com/arthurgray2k/goLogParser/internal/parser/parser.go:138.22,138.22 0 0
github.com/arthurgray2k/goLogParser/internal/parser/parser.go:139.26,139.26 0 0
github.com/arthurgray2k/goLogParser/internal/parser/parser.go:145.2,151.12 2 0
github.com/arthurgray2k/goLogParser/internal/parser/parser.go:151.12,153.27 2 0
github.com/arthurgray2k/goLogParser/internal/parser/parser.go:153.27,155.4 1 0
github.com/arthurgray2k/goLogParser/internal/parser/parser.go:158.2,158.12 1 0
github.com/arthurgray2k/goLogParser/internal/parser/parser.go:158.12,159.26 1 0
github.com/arthurgray2k/goLogParser/internal/parser/parser.go:159.26,161.4 1 0
github.com/arthurgray2k/goLogParser/internal/parser/parser.go:165.2,185.8 8 0
github.com/arthurgray2k/goLogParser/internal/parser/parser.go:196.3,200.6 2 0
github.com/arthurgray2k/goLogParser/internal/parser/parser.go:200.6,201.10 1 0
github.com/arthurgray2k/goLogParser/internal/parser/parser.go:202.21,203.10 1 0
github.com/arthurgray2k/goLogParser/internal/parser/parser.go:204.31,205.11 1 0
github.com/arthurgray2k/goLogParser/internal/parser/parser.go:205.11,207.5 1 0
github.com/arthurgray2k/goLogParser/internal/parser/parser.go:208.4,208.31 1 0
github.com/arthurgray2k/goLogParser/internal/parser/parser.go:208.31,209.24 1 0
github.com/arthurgray2k/goLogParser/internal/parser/parser.go:209.24,210.14 1 0
github.com/arthurgray2k/goLogParser/internal/parser/parser.go:214.5,214.27 1 0
github.com/arthurgray2k/goLogParser/internal/parser/parser.go:214.27,220.6 2 0
github.com/arthurgray2k/goLogParser/internal/parser/parser.go:222.5,225.32 3 0
github.com/arthurgray2k/goLogParser/internal/parser/parser.go:225.32,226.13 1 0
github.com/arthurgray2k/goLogParser/internal/parser/parser.go:227.96,227.96 0 0
github.com/arthurgray2k/goLogParser/internal/parser/parser.go:228.14,228.14 0 0
github.com/arthurgray2k/goLogParser/internal/parser/parser.go:233.5,233.30 1 0
github.com/arthurgray2k/goLogParser/internal/parser/parser.go:233.30,234.13 1 0
github.com/arthurgray2k/goLogParser/internal/parser/parser.go:235.24,236.13 1 0
github.com/arthurgray2k/goLogParser/internal/parser/parser.go:237.29,237.29 0 0
github.com/arthurgray2k/goLogParser/internal/reader/reader.go:41.46,42.9 1 0
github.com/arthurgray2k/goLogParser/internal/reader/reader.go:43.38,44.24 1 0
github.com/arthurgray2k/goLogParser/internal/reader/reader.go:45.39,46.23 1 0
github.com/arthurgray2k/goLogParser/internal/reader/reader.go:47.10,48.25 1 0
github.com/arthurgray2k/goLogParser/internal/reader/reader.go:54.79,55.28 1 0
github.com/arthurgray2k/goLogParser/internal/reader/reader.go:55.28,57.3 1 0
github.com/arthurgray2k/goLogParser/internal/reader/reader.go:59.2,61.62 2 0
github.com/arthurgray2k/goLogParser/internal/reader/reader.go:61.62,62.17 1 0
github.com/arthurgray2k/goLogParser/internal/reader/reader.go:62.17,64.4 1 0
github.com/arthurgray2k/goLogParser/internal/reader/reader.go:65.3,65.23 1 0
github.com/arthurgray2k/goLogParser/internal/reader/reader.go:65.23,67.4 1 0
github.com/arthurgray2k/goLogParser/internal/reader/reader.go:68.3,68.16 1 0
github.com/arthurgray2k/goLogParser/internal/reader/reader.go:68.16,69.38 1 0
github.com/arthurgray2k/goLogParser/internal/reader/reader.go:69.38,71.5 1 0
github.com/arthurgray2k/goLogParser/internal/reader/reader.go:72.4,72.14 1 0
github.com/arthurgray2k/goLogParser/internal/reader/reader.go:74.3,74.59 1 0
github.com/arthurgray2k/goLogParser/internal/reader/reader.go:74.59,76.4 1 0
github.com/arthurgray2k/goLogParser/internal/reader/reader.go:77.3,78.29 2 0
github.com/arthurgray2k/goLogParser/internal/reader/reader.go:78.29,80.4 1 0
github.com/arthurgray2k/goLogParser/internal/reader/reader.go:81.3,82.17 2 0
github.com/arthurgray2k/goLogParser/internal/reader/reader.go:82.17,85.4 1 0
github.com/arthurgray2k/goLogParser/internal/reader/reader.go:86.3,87.13 2 0
github.com/arthurgray2k/goLogParser/internal/reader/reader.go:90.2,90.54 1 0
github.com/arthurgray2k/goLogParser/internal/reader/reader.go:90.54,92.3 1 0
github.com/arthurgray2k/goLogParser/internal/reader/reader.go:93.2,93.21 1 0
github.com/arthurgray2k/goLogParser/internal/reader/reader.go:97.21,99.2 1 0
github.com/arthurgray2k/goLogParser/internal/reader/reader.go:103.47,105.16 2 0
github.com/arthurgray2k/goLogParser/internal/reader/reader.go:105.16,107.3 1 0
github.com/arthurgray2k/goLogParser/internal/reader/reader.go:108.2,108.43 1 0
github.com/arthurgray2k/goLogParser/internal/reader/reader.go:111.46,113.16 2 0
github.com/arthurgray2k/goLogParser/internal/reader/reader.go:113.16,115.3 1 0
github.com/arthurgray2k/goLogParser/internal/reader/reader.go:116.2,117.16 2 0
github.com/arthurgray2k/goLogParser/internal/reader/reader.go:117.16,120.3 2 0
github.com/arthurgray2k/goLogParser/internal/reader/reader.go:122.2,122.67 1 0
github.com/arthurgray2k/goLogParser/internal/reader/reader.go:131.51,131.75 1 0
github.com/arthurgray2k/goLogParser/internal/reader/reader.go:132.37,135.18 3 0
github.com/arthurgray2k/goLogParser/internal/reader/reader.go:135.18,137.3 1 0
github.com/arthurgray2k/goLogParser/internal/reader/reader.go:138.2,138.13 1 0
github.com/arthurgray2k/goLogParser/internal/reader/reader.go:141.45,143.16 2 0
github.com/arthurgray2k/goLogParser/internal/reader/reader.go:143.16,145.3 1 0
github.com/arthurgray2k/goLogParser/internal/reader/reader.go:147.2,148.29 2 0
github.com/arthurgray2k/goLogParser/internal/reader/reader.go:148.29,149.28 1 0
github.com/arthurgray2k/goLogParser/internal/reader/reader.go:149.28,150.12 1 0
github.com/arthurgray2k/goLogParser/internal/reader/reader.go:152.3,153.17 2 0
github.com/arthurgray2k/goLogParser/internal/reader/reader.go:153.17,154.12 1 0
github.com/arthurgray2k/goLogParser/internal/reader/reader.go:156.3,158.56 2 0
github.com/arthurgray2k/goLogParser/internal/reader/reader.go:165.2,165.22 1 0
github.com/arthurgray2k/goLogParser/internal/reader/reader.go:165.22,171.3 2 0
github.com/arthurgray2k/goLogParser/internal/reader/reader.go:171.8,173.3 1 0
github.com/arthurgray2k/goLogParser/internal/reader/reader.go:175.2,175.21 1 0
github.com/arthurgray2k/goLogParser/internal/reader/reader.go:184.54,186.2 1 0
github.com/arthurgray2k/goLogParser/internal/reader/reader.go:188.40,191.18 3 0
github.com/arthurgray2k/goLogParser/internal/reader/reader.go:191.18,193.3 1 0
github.com/arthurgray2k/goLogParser/internal/reader/reader.go:194.2,194.14 1 0
github.com/arthurgray2k/goLogParser/internal/scanner/scanner.go:28.76,31.12 2 0
github.com/arthurgray2k/goLogParser/internal/scanner/scanner.go:31.12,37.7 4 0
github.com/arthurgray2k/goLogParser/internal/scanner/scanner.go:37.7,38.11 1 0
github.com/arthurgray2k/goLogParser/internal/scanner/scanner.go:39.22,40.11 1 0
github.com/arthurgray2k/goLogParser/internal/scanner/scanner.go:41.12,41.12 0 0
github.com/arthurgray2k/goLogParser/internal/scanner/scanner.go:44.4,45.21 2 0
github.com/arthurgray2k/goLogParser/internal/scanner/scanner.go:45.21,47.51 1 0
github.com/arthurgray2k/goLogParser/internal/scanner/scanner.go:47.51,49.6 1 0
github.com/arthurgray2k/goLogParser/internal/scanner/scanner.go:50.5,50.51 1 0
github.com/arthurgray2k/goLogParser/internal/scanner/scanner.go:50.51,52.6 1 0
github.com/arthurgray2k/goLogParser/internal/scanner/scanner.go:54.5,55.12 2 0
github.com/arthurgray2k/goLogParser/internal/scanner/scanner.go:56.23,57.12 1 0
github.com/arthurgray2k/goLogParser/internal/scanner/scanner.go:58.70,58.70 0 0
github.com/arthurgray2k/goLogParser/internal/scanner/scanner.go:62.4,62.18 1 0
github.com/arthurgray2k/goLogParser/internal/scanner/scanner.go:62.18,63.22 1 0
github.com/arthurgray2k/goLogParser/internal/scanner/scanner.go:63.22,67.6 1 0
github.com/arthurgray2k/goLogParser/internal/scanner/scanner.go:68.5,68.11 1 0
github.com/arthurgray2k/goLogParser/internal/scanner/scanner.go:73.2,73.11 1 0
github.com/arthurgray2k/goLogParser/internal/statistics/statistics.go:44.23,52.2 1 0
github.com/arthurgray2k/goLogParser/internal/statistics/statistics.go:56.45,62.25 4 0
github.com/arthurgray2k/goLogParser/internal/statistics/statistics.go:62.25,64.3 1 0
github.com/arthurgray2k/goLogParser/internal/statistics/statistics.go:64.8,66.3 1 0
github.com/arthurgray2k/goLogParser/internal/statistics/statistics.go:68.2,69.17 2 0
github.com/arthurgray2k/goLogParser/internal/statistics/statistics.go:69.17,71.3 1 0
github.com/arthurgray2k/goLogParser/internal/statistics/statistics.go:72.2,74.21 2 0
github.com/arthurgray2k/goLogParser/internal/statistics/statistics.go:74.21,76.3 1 0
github.com/arthurgray2k/goLogParser/internal/statistics/statistics.go:77.2,77.18 1 0
github.com/arthurgray2k/goLogParser/internal/statistics/statistics.go:77.18,79.3 1 0
github.com/arthurgray2k/goLogParser/internal/statistics/statistics.go:81.2,81.27 1 0
github.com/arthurgray2k/goLogParser/internal/statistics/statistics.go:81.27,82.90 1 0
github.com/arthurgray2k/goLogParser/internal/statistics/statistics.go:82.90,84.4 1 0
github.com/arthurgray2k/goLogParser/internal/statistics/statistics.go:85.3,85.49 1 0
github.com/arthurgray2k/goLogParser/internal/statistics/statistics.go:85.49,87.4 1 0
github.com/arthurgray2k/goLogParser/internal/statistics/statistics.go:92.50,96.2 3 0
github.com/arthurgray2k/goLogParser/internal/statistics/statistics.go:99.38,114.35 4 0
github.com/arthurgray2k/goLogParser/internal/statistics/statistics.go:114.35,116.3 1 0
github.com/arthurgray2k/goLogParser/internal/statistics/statistics.go:117.2,117.37 1 0
github.com/arthurgray2k/goLogParser/internal/statistics/statistics.go:117.37,119.3 1 0
github.com/arthurgray2k/goLogParser/internal/statistics/statistics.go:120.2,120.34 1 0
github.com/arthurgray2k/goLogParser/internal/statistics/statistics.go:120.34,122.3 1 0
github.com/arthurgray2k/goLogParser/internal/statistics/statistics.go:123.2,123.13 1 0
github.com/arthurgray2k/goLogParser/internal/statistics/statistics.go:127.42,131.2 3 0
github.com/arthurgray2k/goLogParser/internal/statistics/statistics.go:134.39,138.2 3 0
github.com/arthurgray2k/goLogParser/internal/tail/tail.go:30.112,31.19 1 0
github.com/arthurgray2k/goLogParser/internal/tail/tail.go:31.19,33.3 1 0
github.com/arthurgray2k/goLogParser/internal/tail/tail.go:35.2,36.16 2 0
github.com/arthurgray2k/goLogParser/internal/tail/tail.go:36.16,38.3 1 0
github.com/arthurgray2k/goLogParser/internal/tail/tail.go:41.2,41.49 1 0
github.com/arthurgray2k/goLogParser/internal/tail/tail.go:41.49,44.3 2 0
github.com/arthurgray2k/goLogParser/internal/tail/tail.go:46.2,47.16 2 0
github.com/arthurgray2k/goLogParser/internal/tail/tail.go:47.16,50.3 2 0
github.com/arthurgray2k/goLogParser/internal/tail/tail.go:52.2,53.23 2 0
github.com/arthurgray2k/goLogParser/internal/tail/tail.go:53.23,55.3 1 0
github.com/arthurgray2k/goLogParser/internal/tail/tail.go:57.2,59.12 2 0
github.com/arthurgray2k/goLogParser/internal/tail/tail.go:59.12,69.7 7 0
github.com/arthurgray2k/goLogParser/internal/tail/tail.go:69.7,70.11 1 0
github.com/arthurgray2k/goLogParser/internal/tail/tail.go:71.22,72.11 1 0
github.com/arthurgray2k/goLogParser/internal/tail/tail.go:73.20,74.9 1 0
github.com/arthurgray2k/goLogParser/internal/tail/tail.go:74.9,76.23 2 0
github.com/arthurgray2k/goLogParser/internal/tail/tail.go:76.23,78.53 1 0
github.com/arthurgray2k/goLogParser/internal/tail/tail.go:78.53,80.8 1 0
github.com/arthurgray2k/goLogParser/internal/tail/tail.go:81.7,81.53 1 0
github.com/arthurgray2k/goLogParser/internal/tail/tail.go:81.53,83.8 1 0
github.com/arthurgray2k/goLogParser/internal/tail/tail.go:85.7,85.27 1 0
github.com/arthurgray2k/goLogParser/internal/tail/tail.go:85.27,89.8 2 0
github.com/arthurgray2k/goLogParser/internal/tail/tail.go:91.7,93.30 2 0
github.com/arthurgray2k/goLogParser/internal/tail/tail.go:93.30,94.15 1 0
github.com/arthurgray2k/goLogParser/internal/tail/tail.go:95.52,95.52 0 0
github.com/arthurgray2k/goLogParser/internal/tail/tail.go:96.26,97.15 1 0
github.com/arthurgray2k/goLogParser/internal/tail/tail.go:101.6,101.20 1 0
github.com/arthurgray2k/goLogParser/internal/tail/tail.go:101.20,103.12 1 0
github.com/arthurgray2k/goLogParser/internal/tail/tail.go:110.2,110.16 1 0
github.com/arthurgray2k/goLogParser/pkg/goLogParser/goLogParser.go:117.20,119.2 1 0
github.com/arthurgray2k/goLogParser/pkg/goLogParser/goLogParser.go:122.44,124.2 1 0
github.com/arthurgray2k/goLogParser/pkg/goLogParser/goLogParser.go:128.116,130.16 2 0
github.com/arthurgray2k/goLogParser/pkg/goLogParser/goLogParser.go:130.16,132.3 1 0
github.com/arthurgray2k/goLogParser/pkg/goLogParser/goLogParser.go:134.2,134.47 1 0
github.com/arthurgray2k/goLogParser/pkg/goLogParser/goLogParser.go:138.135,140.16 2 0
github.com/arthurgray2k/goLogParser/pkg/goLogParser/goLogParser.go:140.16,142.3 1 0
github.com/arthurgray2k/goLogParser/pkg/goLogParser/goLogParser.go:143.2,143.47 1 0
github.com/arthurgray2k/goLogParser/pkg/goLogParser/goLogParser.go:147.131,150.2 2 0
github.com/arthurgray2k/goLogParser/pkg/goLogParser/goLogParser.go:153.104,155.2 1 0
github.com/arthurgray2k/goLogParser/pkg/goLogParser/goLogParser.go:158.131,160.16 2 0
github.com/arthurgray2k/goLogParser/pkg/goLogParser/goLogParser.go:160.16,162.3 1 0
github.com/arthurgray2k/goLogParser/pkg/goLogParser/goLogParser.go:164.2,166.27 2 0
github.com/arthurgray2k/goLogParser/pkg/goLogParser/goLogParser.go:166.27,167.10 1 0
github.com/arthurgray2k/goLogParser/pkg/goLogParser/goLogParser.go:167.10,170.21 3 0
github.com/arthurgray2k/goLogParser/pkg/goLogParser/goLogParser.go:170.21,173.5 2 0
github.com/arthurgray2k/goLogParser/pkg/goLogParser/goLogParser.go:174.4,176.42 3 0
github.com/arthurgray2k/goLogParser/pkg/goLogParser/goLogParser.go:180.2,180.22 1 0
github.com/arthurgray2k/goLogParser/pkg/goLogParser/goLogParser.go:187.56,190.35 3 0
github.com/arthurgray2k/goLogParser/pkg/goLogParser/goLogParser.go:190.35,191.25 1 0
github.com/arthurgray2k/goLogParser/pkg/goLogParser/goLogParser.go:191.25,193.4 1 0
github.com/arthurgray2k/goLogParser/pkg/goLogParser/goLogParser.go:195.2,195.12 1 0
github.com/arthurgray2k/goLogParser/pkg/goLogParser/goLogParser.go:199.42,201.2 1 0
github.com/arthurgray2k/goLogParser/pkg/goLogParser/goLogParser.go:205.50,207.2 1 0
github.com/arthurgray2k/goLogParser/pkg/goLogParser/goLogParser.go:210.50,212.2 1 0
github.com/arthurgray2k/goLogParser/pkg/goLogParser/goLogParser.go:226.37,228.2 1 0
github.com/arthurgray2k/goLogParser/pkg/goLogParser/goLogParser.go:234.98,236.2 1 0
github.com/arthurgray2k/goLogParser/pkg/goLogParser/goLogParser.go:240.62,246.23 5 0
github.com/arthurgray2k/goLogParser/pkg/goLogParser/goLogParser.go:246.23,248.3 1 0
github.com/arthurgray2k/goLogParser/pkg/goLogParser/goLogParser.go:249.2,249.31 1 0
github.com/arthurgray2k/goLogParser/pkg/goLogParser/goLogParser.go:249.31,251.3 1 0
github.com/arthurgray2k/goLogParser/pkg/goLogParser/goLogParser.go:253.2,253.25 1 0
github.com/arthurgray2k/goLogParser/pkg/goLogParser/goLogParser.go:253.25,255.3 1 0
github.com/arthurgray2k/goLogParser/pkg/goLogParser/goLogParser.go:256.2,256.33 1 0
github.com/arthurgray2k/goLogParser/pkg/goLogParser/goLogParser.go:256.33,258.3 1 0
github.com/arthurgray2k/goLogParser/pkg/goLogParser/goLogParser.go:260.2,260.22 1 0
github.com/arthurgray2k/goLogParser/pkg/goLogParser/goLogParser.go:260.22,262.3 1 0
github.com/arthurgray2k/goLogParser/pkg/goLogParser/goLogParser.go:263.2,263.30 1 0
github.com/arthurgray2k/goLogParser/pkg/goLogParser/goLogParser.go:263.30,265.3 1 0
github.com/arthurgray2k/goLogParser/pkg/goLogParser/goLogParser.go:267.2,267.37 1 0
github.com/arthurgray2k/goLogParser/pkg/goLogParser/goLogParser.go:267.37,268.92 1 0
github.com/arthurgray2k/goLogParser/pkg/goLogParser/goLogParser.go:268.92,270.4 1 0
github.com/arthurgray2k/goLogParser/pkg/goLogParser/goLogParser.go:272.2,272.52 1 0
github.com/arthurgray2k/goLogParser/pkg/goLogParser/goLogParser.go:272.52,274.3 1 0
github.com/arthurgray2k/goLogParser/cmd/goLogParser/main.go:9.13,11.2 1 0
github.com/arthurgray2k/goLogParser/internal/cli/cli.go:22.20,24.39 2 0
github.com/arthurgray2k/goLogParser/internal/cli/cli.go:24.39,27.3 2 0
github.com/arthurgray2k/goLogParser/internal/cli/cli.go:28.2,28.10 1 0
github.com/arthurgray2k/goLogParser/internal/cli/cli.go:33.33,64.2 9 0
github.com/arthurgray2k/goLogParser/internal/cli/cli.go:68.34,75.55 2 0
github.com/arthurgray2k/goLogParser/internal/cli/cli.go:75.55,87.30 6 0
github.com/arthurgray2k/goLogParser/internal/cli/cli.go:87.30,89.19 2 0
github.com/arthurgray2k/goLogParser/internal/cli/cli.go:89.19,91.6 1 0
github.com/arthurgray2k/goLogParser/internal/cli/cli.go:92.5,92.38 1 0
github.com/arthurgray2k/goLogParser/internal/cli/cli.go:92.38,93.46 1 0
github.com/arthurgray2k/goLogParser/internal/cli/cli.go:93.46,95.7 1 0
github.com/arthurgray2k/goLogParser/internal/cli/cli.go:98.4,98.22 1 0
github.com/arthurgray2k/goLogParser/internal/cli/cli.go:102.2,104.12 3 0
github.com/arthurgray2k/goLogParser/internal/cli/cli.go:109.34,114.55 1 0
github.com/arthurgray2k/goLogParser/internal/cli/cli.go:114.55,120.30 5 0
github.com/arthurgray2k/goLogParser/internal/cli/cli.go:120.30,122.19 2 0
github.com/arthurgray2k/goLogParser/internal/cli/cli.go:122.19,124.6 1 0
github.com/arthurgray2k/goLogParser/internal/cli/cli.go:125.5,126.81 2 0
github.com/arthurgray2k/goLogParser/internal/cli/cli.go:126.81,128.6 1 0
github.com/arthurgray2k/goLogParser/internal/cli/cli.go:130.4,130.14 1 0
github.com/arthurgray2k/goLogParser/internal/cli/cli.go:134.2,135.12 2 0
github.com/arthurgray2k/goLogParser/internal/cli/cli.go:140.35,147.55 2 0
github.com/arthurgray2k/goLogParser/internal/cli/cli.go:147.55,157.30 6 0
github.com/arthurgray2k/goLogParser/internal/cli/cli.go:157.30,159.19 2 0
github.com/arthurgray2k/goLogParser/internal/cli/cli.go:159.19,161.6 1 0
github.com/arthurgray2k/goLogParser/internal/cli/cli.go:162.5,162.38 1 0
github.com/arthurgray2k/goLogParser/internal/cli/cli.go:162.38,163.46 1 0
github.com/arthurgray2k/goLogParser/internal/cli/cli.go:163.46,165.7 1 0
github.com/arthurgray2k/goLogParser/internal/cli/cli.go:168.4,168.22 1 0
github.com/arthurgray2k/goLogParser/internal/cli/cli.go:172.2,173.12 2 0
github.com/arthurgray2k/goLogParser/internal/cli/cli.go:178.35,185.55 2 0
github.com/arthurgray2k/goLogParser/internal/cli/cli.go:185.55,195.30 6 0
github.com/arthurgray2k/goLogParser/internal/cli/cli.go:195.30,197.19 2 0
github.com/arthurgray2k/goLogParser/internal/cli/cli.go:197.19,199.6 1 0
github.com/arthurgray2k/goLogParser/internal/cli/cli.go:200.5,200.38 1 0
github.com/arthurgray2k/goLogParser/internal/cli/cli.go:200.38,201.46 1 0
github.com/arthurgray2k/goLogParser/internal/cli/cli.go:201.46,203.7 1 0
github.com/arthurgray2k/goLogParser/internal/cli/cli.go:206.4,206.22 1 0
github.com/arthurgray2k/goLogParser/internal/cli/cli.go:210.2,212.12 3 0
github.com/arthurgray2k/goLogParser/internal/cli/cli.go:217.35,227.55 2 0
github.com/arthurgray2k/goLogParser/internal/cli/cli.go:227.55,238.30 6 0
github.com/arthurgray2k/goLogParser/internal/cli/cli.go:238.30,240.19 2 0
github.com/arthurgray2k/goLogParser/internal/cli/cli.go:240.19,242.6 1 0
github.com/arthurgray2k/goLogParser/internal/cli/cli.go:243.5,243.38 1 0
github.com/arthurgray2k/goLogParser/internal/cli/cli.go:243.38,244.46 1 0
github.com/arthurgray2k/goLogParser/internal/cli/cli.go:244.46,246.7 1 0
github.com/arthurgray2k/goLogParser/internal/cli/cli.go:249.4,249.22 1 0
github.com/arthurgray2k/goLogParser/internal/cli/cli.go:253.2,256.12 4 0
github.com/arthurgray2k/goLogParser/internal/cli/cli.go:261.33,266.55 1 0
github.com/arthurgray2k/goLogParser/internal/cli/cli.go:266.55,279.18 8 0
github.com/arthurgray2k/goLogParser/internal/cli/cli.go:279.18,281.5 1 0
github.com/arthurgray2k/goLogParser/internal/cli/cli.go:283.4,283.25 1 0
github.com/arthurgray2k/goLogParser/internal/cli/cli.go:283.25,284.54 1 0
github.com/arthurgray2k/goLogParser/internal/cli/cli.go:284.54,286.6 1 0
github.com/arthurgray2k/goLogParser/internal/cli/cli.go:288.4,288.14 1 0
github.com/arthurgray2k/goLogParser/internal/cli/cli.go:292.2,293.12 2 0
github.com/arthurgray2k/goLogParser/internal/cli/cli.go:300.36,304.43 1 0
github.com/arthurgray2k/goLogParser/internal/cli/cli.go:304.43,306.4 1 0
github.com/arthurgray2k/goLogParser/internal/cli/cli.go:313.41,325.2 11 0
github.com/arthurgray2k/goLogParser/internal/cli/cli.go:328.83,330.18 2 0
github.com/arthurgray2k/goLogParser/internal/cli/cli.go:330.18,332.3 1 0
github.com/arthurgray2k/goLogParser/internal/cli/cli.go:333.2,334.18 2 0
github.com/arthurgray2k/goLogParser/internal/cli/cli.go:334.18,336.3 1 0
github.com/arthurgray2k/goLogParser/internal/cli/cli.go:338.2,345.68 3 0
github.com/arthurgray2k/goLogParser/internal/cli/cli.go:345.68,346.28 1 0
github.com/arthurgray2k/goLogParser/internal/cli/cli.go:346.28,348.4 1 0
github.com/arthurgray2k/goLogParser/internal/cli/cli.go:350.2,359.61 8 0
github.com/arthurgray2k/goLogParser/internal/cli/cli.go:359.61,360.48 1 0
github.com/arthurgray2k/goLogParser/internal/cli/cli.go:360.48,362.4 1 0
github.com/arthurgray2k/goLogParser/internal/cli/cli.go:364.2,364.64 1 0
github.com/arthurgray2k/goLogParser/internal/cli/cli.go:364.64,365.49 1 0
github.com/arthurgray2k/goLogParser/internal/cli/cli.go:365.49,367.4 1 0
github.com/arthurgray2k/goLogParser/internal/cli/cli.go:371.2,371.19 1 0
github.com/arthurgray2k/goLogParser/internal/cli/cli.go:374.48,381.33 2 0
github.com/arthurgray2k/goLogParser/internal/cli/cli.go:381.33,382.50 1 0
github.com/arthurgray2k/goLogParser/internal/cli/cli.go:382.50,384.4 1 0
github.com/arthurgray2k/goLogParser/internal/cli/cli.go:386.2,386.67 1 0
github.com/arthurgray2k/goLogParser/internal/cli/cli.go:389.53,391.8 2 0
github.com/arthurgray2k/goLogParser/internal/cli/cli.go:391.8,393.3 1 0
github.com/arthurgray2k/goLogParser/internal/cli/cli.go:394.2,394.10 1 0
github.com/arthurgray2k/goLogParser/internal/cli/cli.go:398.38,400.12 2 0
github.com/arthurgray2k/goLogParser/internal/cli/cli.go:400.12,405.3 4 0
github.com/arthurgray2k/goLogParser/internal/cli/cli.go:406.2,406.12 1 0
github.com/arthurgray2k/goLogParser/internal/exporter/exporter.go:27.57,28.20 1 0
github.com/arthurgray2k/goLogParser/internal/exporter/exporter.go:29.27,30.31 1 0
github.com/arthurgray2k/goLogParser/internal/exporter/exporter.go:31.24,32.27 1 0
github.com/arthurgray2k/goLogParser/internal/exporter/exporter.go:33.28,34.54 1 0
github.com/arthurgray2k/goLogParser/internal/exporter/exporter.go:35.10,36.62 1 0
github.com/arthurgray2k/goLogParser/internal/exporter/exporter.go:49.62,50.15 1 0
github.com/arthurgray2k/goLogParser/internal/exporter/exporter.go:50.15,51.55 1 0
github.com/arthurgray2k/goLogParser/internal/exporter/exporter.go:51.55,53.4 1 0
github.com/arthurgray2k/goLogParser/internal/exporter/exporter.go:54.3,54.18 1 0
github.com/arthurgray2k/goLogParser/internal/exporter/exporter.go:56.2,56.14 1 0
github.com/arthurgray2k/goLogParser/internal/exporter/exporter.go:56.14,57.55 1 0
github.com/arthurgray2k/goLogParser/internal/exporter/exporter.go:57.55,59.4 1 0
github.com/arthurgray2k/goLogParser/internal/exporter/exporter.go:61.2,65.14 4 0
github.com/arthurgray2k/goLogParser/internal/exporter/exporter.go:65.14,67.3 1 0
github.com/arthurgray2k/goLogParser/internal/exporter/exporter.go:67.8,69.3 1 0
github.com/arthurgray2k/goLogParser/internal/exporter/exporter.go:70.2,70.16 1 0
github.com/arthurgray2k/goLogParser/internal/exporter/exporter.go:70.16,72.3 1 0
github.com/arthurgray2k/goLogParser/internal/exporter/exporter.go:73.2,73.14 1 0
github.com/arthurgray2k/goLogParser/internal/exporter/exporter.go:73.14,75.3 1 0
github.com/arthurgray2k/goLogParser/internal/exporter/exporter.go:75.8,77.3 1 0
github.com/arthurgray2k/goLogParser/internal/exporter/exporter.go:78.2,78.12 1 0
github.com/arthurgray2k/goLogParser/internal/exporter/exporter.go:81.38,82.15 1 0
github.com/arthurgray2k/goLogParser/internal/exporter/exporter.go:82.15,85.3 2 0
github.com/arthurgray2k/goLogParser/internal/exporter/exporter.go:86.2,87.12 2 0
github.com/arthurgray2k/goLogParser/internal/exporter/exporter.go:94.64,96.16 2 0
github.com/arthurgray2k/goLogParser/internal/exporter/exporter.go:96.16,98.3 1 0
github.com/arthurgray2k/goLogParser/internal/exporter/exporter.go:99.2,100.12 2 0
github.com/arthurgray2k/goLogParser/internal/exporter/exporter.go:103.40,103.54 1 0
github.com/arthurgray2k/goLogParser/internal/exporter/exporter.go:116.47,118.2 1 0
github.com/arthurgray2k/goLogParser/internal/exporter/exporter.go:120.61,121.16 1 0
github.com/arthurgray2k/goLogParser/internal/exporter/exporter.go:121.16,122.48 1 0
github.com/arthurgray2k/goLogParser/internal/exporter/exporter.go:122.48,124.4 1 0
github.com/arthurgray2k/goLogParser/internal/exporter/exporter.go:125.3,125.19 1 0
github.com/arthurgray2k/goLogParser/internal/exporter/exporter.go:127.2,138.24 2 0
github.com/arthurgray2k/goLogParser/internal/exporter/exporter.go:141.37,144.2 2 0
github.com/arthurgray2k/goLogParser/internal/exporter/exporter.go:163.65,167.15 4 0
github.com/arthurgray2k/goLogParser/internal/exporter/exporter.go:167.15,169.3 1 0
github.com/arthurgray2k/goLogParser/internal/exporter/exporter.go:171.2,171.15 1 0
github.com/arthurgray2k/goLogParser/internal/exporter/exporter.go:171.15,174.3 2 0
github.com/arthurgray2k/goLogParser/internal/exporter/exporter.go:176.2,182.12 3 0
github.com/arthurgray2k/goLogParser/internal/exporter/exporter.go:185.41,185.55 1 0
github.com/arthurgray2k/goLogParser/internal/exporter/exporter.go:187.38,188.32 1 0
github.com/arthurgray2k/goLogParser/internal/exporter/exporter.go:189.33,190.17 1 0
github.com/arthurgray2k/goLogParser/internal/exporter/exporter.go:191.25,192.20 1 0
github.com/arthurgray2k/goLogParser/internal/exporter/exporter.go:193.24,194.18 1 0
github.com/arthurgray2k/goLogParser/internal/exporter/exporter.go:195.14,196.18 1 0
github.com/arthurgray2k/goLogParser/internal/exporter/exporter.go:197.10,198.19 1 0
github.com/arthurgray2k/goLogParser/internal/exporter/exporter.go:205.70,216.35 3 0
github.com/arthurgray2k/goLogParser/internal/exporter/exporter.go:216.35,221.3 1 0
github.com/arthurgray2k/goLogParser/internal/exporter/exporter.go:223.2,224.37 2 0
github.com/arthurgray2k/goLogParser/internal/exporter/exporter.go:224.37,226.3 1 0
github.com/arthurgray2k/goLogParser/internal/exporter/exporter.go:228.2,228.25 1 0
github.com/arthurgray2k/goLogParser/internal/exporter/exporter.go:228.25,230.3 1 0
github.com/arthurgray2k/goLogParser/internal/exporter/exporter.go:231.2,231.22 1 0
github.com/arthurgray2k/goLogParser/internal/exporter/exporter.go:231.22,233.3 1 0
github.com/arthurgray2k/goLogParser/internal/exporter/exporter.go:234.2,236.26 2 0
github.com/arthurgray2k/goLogParser/internal/exporter/exporter.go:236.26,237.47 1 0
github.com/arthurgray2k/goLogParser/internal/exporter/exporter.go:237.47,239.4 1 0
github.com/arthurgray2k/goLogParser/internal/exporter/exporter.go:241.2,241.12 1 0
github.com/arthurgray2k/goLogParser/internal/exporter/exporter.go:246.49,252.27 2 0
github.com/arthurgray2k/goLogParser/internal/exporter/exporter.go:252.27,254.3 1 0
github.com/arthurgray2k/goLogParser/internal/exporter/exporter.go:255.2,255.18 1 0
github.com/arthurgray2k/goLogParser/internal/exporter/exporter.go:255.18,257.3 1 0
github.com/arthurgray2k/goLogParser/internal/exporter/exporter.go:258.2,258.21 1 0
github.com/arthurgray2k/goLogParser/internal/exporter/exporter.go:258.21,260.3 1 0
github.com/arthurgray2k/goLogParser/internal/exporter/exporter.go:261.2,261.21 1 0
github.com/arthurgray2k/goLogParser/internal/exporter/exporter.go:261.21,263.3 1 0
github.com/arthurgray2k/goLogParser/internal/exporter/exporter.go:264.2,264.16 1 0
github.com/arthurgray2k/goLogParser/internal/exporter/exporter.go:264.16,266.3 1 0
github.com/arthurgray2k/goLogParser/internal/exporter/exporter.go:267.2,267.20 1 0
github.com/arthurgray2k/goLogParser/internal/exporter/exporter.go:267.20,269.3 1 0
github.com/arthurgray2k/goLogParser/internal/exporter/exporter.go:270.2,270.29 1 0
github.com/arthurgray2k/goLogParser/internal/exporter/exporter.go:270.29,271.33 1 0
github.com/arthurgray2k/goLogParser/internal/exporter/exporter.go:271.33,273.4 1 0
github.com/arthurgray2k/goLogParser/internal/exporter/exporter.go:275.2,275.25 1 0
github.com/arthurgray2k/goLogParser/internal/exporter/exporter.go:275.25,277.3 1 0
github.com/arthurgray2k/goLogParser/internal/exporter/exporter.go:278.2,278.10 1 0
github.com/arthurgray2k/goLogParser/internal/exporter/exporter.go:281.34,282.16 1 0
github.com/arthurgray2k/goLogParser/internal/exporter/exporter.go:282.16,284.3 1 0
github.com/arthurgray2k/goLogParser/internal/exporter/exporter.go:285.2,285.47 1 0
github.com/arthurgray2k/goLogParser/internal/exporter/exporter.go:288.39,289.17 1 0
github.com/arthurgray2k/goLogParser/internal/exporter/exporter.go:289.17,291.3 1 0
github.com/arthurgray2k/goLogParser/internal/exporter/exporter.go:292.2,292.42 1 0
github.com/arthurgray2k/goLogParser/internal/filters/filters.go:22.49,22.64 1 1
github.com/arthurgray2k/goLogParser/internal/filters/filters.go:27.36,28.47 1 1
github.com/arthurgray2k/goLogParser/internal/filters/filters.go:28.47,29.29 1 1
github.com/arthurgray2k/goLogParser/internal/filters/filters.go:29.29,30.19 1 1
github.com/arthurgray2k/goLogParser/internal/filters/filters.go:30.19,32.5 1 0
github.com/arthurgray2k/goLogParser/internal/filters/filters.go:34.3,34.14 1 1
github.com/arthurgray2k/goLogParser/internal/filters/filters.go:39.35,40.47 1 0
github.com/arthurgray2k/goLogParser/internal/filters/filters.go:40.47,41.29 1 0
github.com/arthurgray2k/goLogParser/internal/filters/filters.go:41.29,42.18 1 0
github.com/arthurgray2k/goLogParser/internal/filters/filters.go:42.18,44.5 1 0
github.com/arthurgray2k/goLogParser/internal/filters/filters.go:46.3,46.15 1 0
github.com/arthurgray2k/goLogParser/internal/filters/filters.go:51.27,52.47 1 1
github.com/arthurgray2k/goLogParser/internal/filters/filters.go:52.47,52.69 1 1
github.com/arthurgray2k/goLogParser/internal/filters/filters.go:59.43,61.27 2 1
github.com/arthurgray2k/goLogParser/internal/filters/filters.go:61.27,63.3 1 1
github.com/arthurgray2k/goLogParser/internal/filters/filters.go:64.2,64.47 1 1
github.com/arthurgray2k/goLogParser/internal/filters/filters.go:64.47,67.3 2 1
github.com/arthurgray2k/goLogParser/internal/filters/filters.go:74.44,75.47 1 1
github.com/arthurgray2k/goLogParser/internal/filters/filters.go:75.47,76.32 1 1
github.com/arthurgray2k/goLogParser/internal/filters/filters.go:76.32,77.39 1 1
github.com/arthurgray2k/goLogParser/internal/filters/filters.go:77.39,79.5 1 1
github.com/arthurgray2k/goLogParser/internal/filters/filters.go:81.3,81.14 1 1
github.com/arthurgray2k/goLogParser/internal/filters/filters.go:87.47,88.47 1 1
github.com/arthurgray2k/goLogParser/internal/filters/filters.go:88.47,89.32 1 1
github.com/arthurgray2k/goLogParser/internal/filters/filters.go:89.32,90.38 1 1
github.com/arthurgray2k/goLogParser/internal/filters/filters.go:90.38,92.5 1 1
github.com/arthurgray2k/goLogParser/internal/filters/filters.go:94.3,94.15 1 1
github.com/arthurgray2k/goLogParser/internal/filters/filters.go:100.47,102.2 1 1
github.com/arthurgray2k/goLogParser/internal/filters/filters.go:106.39,107.47 1 1
github.com/arthurgray2k/goLogParser/internal/filters/filters.go:107.47,109.3 1 1
github.com/arthurgray2k/goLogParser/internal/filters/filters.go:114.37,115.47 1 1
github.com/arthurgray2k/goLogParser/internal/filters/filters.go:115.47,117.3 1 1
github.com/arthurgray2k/goLogParser/internal/filters/filters.go:122.44,124.16 2 1
github.com/arthurgray2k/goLogParser/internal/filters/filters.go:124.16,126.3 1 0
github.com/arthurgray2k/goLogParser/internal/filters/filters.go:127.2,127.47 1 1
github.com/arthurgray2k/goLogParser/internal/filters/filters.go:127.47,129.3 1 1
github.com/arthurgray2k/goLogParser/internal/filters/filters.go:134.39,136.16 2 0
github.com/arthurgray2k/goLogParser/internal/filters/filters.go:136.16,137.13 1 0
github.com/arthurgray2k/goLogParser/internal/filters/filters.go:139.2,139.10 1 0
github.com/arthurgray2k/goLogParser/internal/filters/filters.go:146.39,148.26 2 1
github.com/arthurgray2k/goLogParser/internal/filters/filters.go:148.26,150.3 1 1
github.com/arthurgray2k/goLogParser/internal/filters/filters.go:151.2,151.47 1 1
github.com/arthurgray2k/goLogParser/internal/filters/filters.go:151.47,154.3 2 1
github.com/arthurgray2k/goLogParser/internal/filters/filters.go:159.36,161.26 2 1
github.com/arthurgray2k/goLogParser/internal/filters/filters.go:161.26,163.3 1 1
github.com/arthurgray2k/goLogParser/internal/filters/filters.go:164.2,164.47 1 1
github.com/arthurgray2k/goLogParser/internal/filters/filters.go:164.47,167.3 2 1
github.com/arthurgray2k/goLogParser/internal/filters/filters.go:176.38,177.47 1 1
github.com/arthurgray2k/goLogParser/internal/filters/filters.go:177.47,179.10 2 1
github.com/arthurgray2k/goLogParser/internal/filters/filters.go:179.10,181.4 1 0
github.com/arthurgray2k/goLogParser/internal/filters/filters.go:182.3,182.56 1 1
github.com/arthurgray2k/goLogParser/internal/filters/filters.go:190.58,193.25 2 1
github.com/arthurgray2k/goLogParser/internal/filters/filters.go:193.25,195.3 1 1
github.com/arthurgray2k/goLogParser/internal/filters/filters.go:196.2,196.27 1 1
github.com/arthurgray2k/goLogParser/internal/filters/filters.go:196.27,198.3 1 1
github.com/arthurgray2k/goLogParser/internal/filters/filters.go:199.2,199.30 1 1
github.com/arthurgray2k/goLogParser/internal/filters/filters.go:199.30,201.3 1 0
github.com/arthurgray2k/goLogParser/internal/filters/filters.go:202.2,202.21 1 1
github.com/arthurgray2k/goLogParser/internal/filters/filters.go:202.21,204.17 2 0
github.com/arthurgray2k/goLogParser/internal/filters/filters.go:204.17,206.4 1 0
github.com/arthurgray2k/goLogParser/internal/filters/filters.go:207.3,207.28 1 0
github.com/arthurgray2k/goLogParser/internal/filters/filters.go:209.2,209.27 1 1
github.com/arthurgray2k/goLogParser/internal/filters/filters.go:209.27,211.3 1 1
github.com/arthurgray2k/goLogParser/internal/filters/filters.go:212.2,212.24 1 1
github.com/arthurgray2k/goLogParser/internal/filters/filters.go:212.24,214.3 1 0
github.com/arthurgray2k/goLogParser/internal/filters/filters.go:215.2,215.22 1 1
github.com/arthurgray2k/goLogParser/internal/filters/filters.go:215.22,217.63 2 1
github.com/arthurgray2k/goLogParser/internal/filters/filters.go:217.63,219.4 1 1
github.com/arthurgray2k/goLogParser/internal/filters/filters.go:221.2,221.23 1 1
github.com/arthurgray2k/goLogParser/internal/filters/filters.go:221.23,223.63 2 1
github.com/arthurgray2k/goLogParser/internal/filters/filters.go:223.63,225.4 1 1
github.com/arthurgray2k/goLogParser/internal/filters/filters.go:227.2,227.26 1 1
github.com/arthurgray2k/goLogParser/internal/filters/filters.go:227.26,229.3 1 0
github.com/arthurgray2k/goLogParser/internal/filters/filters.go:230.2,230.24 1 1
github.com/arthurgray2k/goLogParser/internal/filters/filters.go:230.24,232.3 1 0
github.com/arthurgray2k/goLogParser/internal/filters/filters.go:233.2,233.31 1 1
github.com/arthurgray2k/goLogParser/internal/filters/filters.go:233.31,235.3 1 1
github.com/arthurgray2k/goLogParser/internal/filters/filters.go:237.2,237.21 1 1
github.com/arthurgray2k/goLogParser/internal/filters/filters.go:237.21,239.48 1 0
github.com/arthurgray2k/goLogParser/internal/filters/filters.go:239.48,239.63 1 0
github.com/arthurgray2k/goLogParser/internal/filters/filters.go:241.2,241.27 1 1
github.com/arthurgray2k/goLogParser/internal/formats/detect.go:13.35,17.29 3 0
github.com/arthurgray2k/goLogParser/internal/formats/detect.go:17.29,19.24 2 0
github.com/arthurgray2k/goLogParser/internal/formats/detect.go:19.24,22.4 2 0
github.com/arthurgray2k/goLogParser/internal/formats/detect.go:26.2,26.22 1 0
github.com/arthurgray2k/goLogParser/internal/formats/detect.go:26.22,28.3 1 0
github.com/arthurgray2k/goLogParser/internal/formats/detect.go:31.2,31.27 1 0
github.com/arthurgray2k/goLogParser/internal/formats/detect.go:36.49,37.39 1 0
github.com/arthurgray2k/goLogParser/internal/formats/detect.go:37.39,40.3 1 0
github.com/arthurgray2k/goLogParser/internal/formats/detect.go:42.2,42.29 1 0
github.com/arthurgray2k/goLogParser/internal/formats/detect.go:42.29,43.28 1 0
github.com/arthurgray2k/goLogParser/internal/formats/detect.go:43.28,45.4 1 0
github.com/arthurgray2k/goLogParser/internal/formats/detect.go:48.2,48.52 1 0
github.com/arthurgray2k/goLogParser/internal/formats/formats.go:72.31,74.2 1 1
github.com/arthurgray2k/goLogParser/internal/formats/formats.go:77.28,81.2 3 0
github.com/arthurgray2k/goLogParser/internal/formats/helpers.go:36.38,38.15 2 0
github.com/arthurgray2k/goLogParser/internal/formats/helpers.go:38.15,40.3 1 0
github.com/arthurgray2k/goLogParser/internal/formats/helpers.go:41.2,41.48 1 0
github.com/arthurgray2k/goLogParser/internal/formats/helpers.go:41.48,42.52 1 0
github.com/arthurgray2k/goLogParser/internal/formats/helpers.go:42.52,44.21 1 0
github.com/arthurgray2k/goLogParser/internal/formats/helpers.go:44.21,46.5 1 0
github.com/arthurgray2k/goLogParser/internal/formats/helpers.go:47.4,47.18 1 0
github.com/arthurgray2k/goLogParser/internal/formats/helpers.go:50.2,50.20 1 0
github.com/arthurgray2k/goLogParser/internal/formats/helpers.go:55.62,56.25 1 0
github.com/arthurgray2k/goLogParser/internal/formats/helpers.go:56.25,58.10 2 0
github.com/arthurgray2k/goLogParser/internal/formats/helpers.go:58.10,59.12 1 0
github.com/arthurgray2k/goLogParser/internal/formats/helpers.go:61.3,61.25 1 0
github.com/arthurgray2k/goLogParser/internal/formats/helpers.go:62.15,63.39 1 0
github.com/arthurgray2k/goLogParser/internal/formats/helpers.go:63.39,66.5 2 0
github.com/arthurgray2k/goLogParser/internal/formats/helpers.go:67.16,73.12 5 0
github.com/arthurgray2k/goLogParser/internal/formats/helpers.go:76.2,76.20 1 0
github.com/arthurgray2k/goLogParser/internal/formats/helpers.go:82.61,83.25 1 0
github.com/arthurgray2k/goLogParser/internal/formats/helpers.go:83.25,85.10 2 0
github.com/arthurgray2k/goLogParser/internal/formats/helpers.go:85.10,86.12 1 0
github.com/arthurgray2k/goLogParser/internal/formats/helpers.go:88.3,89.14 2 0
github.com/arthurgray2k/goLogParser/internal/formats/helpers.go:89.14,92.4 2 0
github.com/arthurgray2k/goLogParser/internal/formats/helpers.go:94.2,94.11 1 0
github.com/arthurgray2k/goLogParser/internal/formats/helpers.go:99.40,100.49 1 0
github.com/arthurgray2k/goLogParser/internal/formats/helpers.go:101.22,102.17 1 0
github.com/arthurgray2k/goLogParser/internal/formats/helpers.go:103.27,104.17 1 0
github.com/arthurgray2k/goLogParser/internal/formats/helpers.go:105.41,106.16 1 0
github.com/arthurgray2k/goLogParser/internal/formats/helpers.go:107.37,108.16 1 0
github.com/arthurgray2k/goLogParser/internal/formats/helpers.go:109.27,110.17 1 0
github.com/arthurgray2k/goLogParser/internal/formats/helpers.go:111.40,112.17 1 0
github.com/arthurgray2k/goLogParser/internal/formats/helpers.go:113.15,114.17 1 0
github.com/arthurgray2k/goLogParser/internal/formats/helpers.go:115.10,116.16 1 0
github.com/arthurgray2k/goLogParser/internal/formats/helpers.go:116.16,118.4 1 0
github.com/arthurgray2k/goLogParser/internal/formats/helpers.go:119.3,119.30 1 0
github.com/arthurgray2k/goLogParser/internal/formats/json.go:13.13,13.46 1 1
github.com/arthurgray2k/goLogParser/internal/formats/json.go:16.36,16.53 1 0
github.com/arthurgray2k/goLogParser/internal/formats/json.go:20.54,22.62 2 0
github.com/arthurgray2k/goLogParser/internal/formats/json.go:22.62,24.3 1 0
github.com/arthurgray2k/goLogParser/internal/formats/json.go:25.2,26.46 2 0
github.com/arthurgray2k/goLogParser/internal/formats/json.go:26.46,28.3 1 0
github.com/arthurgray2k/goLogParser/internal/formats/json.go:29.2,29.72 1 0
github.com/arthurgray2k/goLogParser/internal/formats/json.go:29.72,30.30 1 0
github.com/arthurgray2k/goLogParser/internal/formats/json.go:30.30,32.4 1 0
github.com/arthurgray2k/goLogParser/internal/formats/json.go:35.2,35.12 1 0
github.com/arthurgray2k/goLogParser/internal/formats/json.go:39.51,44.54 4 0
github.com/arthurgray2k/goLogParser/internal/formats/json.go:44.54,47.3 2 0
github.com/arthurgray2k/goLogParser/internal/formats/json.go:49.2,58.10 9 0
github.com/arthurgray2k/goLogParser/internal/formats/ndjson.go:15.13,15.48 1 1
github.com/arthurgray2k/goLogParser/internal/formats/ndjson.go:18.38,18.57 1 0
github.com/arthurgray2k/goLogParser/internal/formats/ndjson.go:22.56,24.62 2 0
github.com/arthurgray2k/goLogParser/internal/formats/ndjson.go:24.62,26.3 1 0
github.com/arthurgray2k/goLogParser/internal/formats/ndjson.go:27.2,28.46 2 0
github.com/arthurgray2k/goLogParser/internal/formats/ndjson.go:28.46,30.3 1 0
github.com/arthurgray2k/goLogParser/internal/formats/ndjson.go:33.2,33.72 1 0
github.com/arthurgray2k/goLogParser/internal/formats/ndjson.go:33.72,34.30 1 0
github.com/arthurgray2k/goLogParser/internal/formats/ndjson.go:34.30,36.4 1 0
github.com/arthurgray2k/goLogParser/internal/formats/ndjson.go:38.2,38.13 1 0
github.com/arthurgray2k/goLogParser/internal/formats/ndjson.go:42.53,44.2 1 0
github.com/arthurgray2k/goLogParser/internal/formats/syslog.go:25.43,27.18 2 0
github.com/arthurgray2k/goLogParser/internal/formats/syslog.go:28.12,29.17 1 0
github.com/arthurgray2k/goLogParser/internal/formats/syslog.go:30.9,31.17 1 0
github.com/arthurgray2k/goLogParser/internal/formats/syslog.go:32.9,33.17 1 0
github.com/arthurgray2k/goLogParser/internal/formats/syslog.go:34.9,35.16 1 0
github.com/arthurgray2k/goLogParser/internal/formats/syslog.go:36.12,37.16 1 0
github.com/arthurgray2k/goLogParser/internal/formats/syslog.go:38.9,39.17 1 0
github.com/arthurgray2k/goLogParser/internal/formats/syslog.go:40.10,41.19 1 0
github.com/arthurgray2k/goLogParser/internal/formats/syslog.go:48.13,48.48 1 1
github.com/arthurgray2k/goLogParser/internal/formats/syslog.go:51.38,51.57 1 0
github.com/arthurgray2k/goLogParser/internal/formats/syslog.go:54.56,55.72 1 0
github.com/arthurgray2k/goLogParser/internal/formats/syslog.go:55.72,57.3 1 0
github.com/arthurgray2k/goLogParser/internal/formats/syslog.go:58.2,58.38 1 0
github.com/arthurgray2k/goLogParser/internal/formats/syslog.go:58.38,60.3 1 0
github.com/arthurgray2k/goLogParser/internal/formats/syslog.go:61.2,61.10 1 0
github.com/arthurgray2k/goLogParser/internal/formats/syslog.go:65.53,69.58 2 0
github.com/arthurgray2k/goLogParser/internal/formats/syslog.go:69.58,76.49 7 0
github.com/arthurgray2k/goLogParser/internal/formats/syslog.go:76.49,78.4 1 0
github.com/arthurgray2k/goLogParser/internal/formats/syslog.go:79.3,84.11 3 0
github.com/arthurgray2k/goLogParser/internal/formats/syslog.go:88.2,88.58 1 0
github.com/arthurgray2k/goLogParser/internal/formats/syslog.go:88.58,93.49 5 0
github.com/arthurgray2k/goLogParser/internal/formats/syslog.go:93.49,95.4 1 0
github.com/arthurgray2k/goLogParser/internal/formats/syslog.go:96.3,102.10 4 0
github.com/arthurgray2k/goLogParser/internal/formats/syslog.go:103.76,104.21 1 0
github.com/arthurgray2k/goLogParser/internal/formats/syslog.go:105.40,106.20 1 0
github.com/arthurgray2k/goLogParser/internal/formats/syslog.go:107.76,108.21 1 0
github.com/arthurgray2k/goLogParser/internal/formats/syslog.go:109.41,110.21 1 0
github.com/arthurgray2k/goLogParser/internal/formats/syslog.go:112.3,112.11 1 0
github.com/arthurgray2k/goLogParser/internal/formats/syslog.go:115.2,116.10 2 0
github.com/arthurgray2k/goLogParser/internal/formats/text.go:13.13,13.51 1 1
github.com/arthurgray2k/goLogParser/internal/formats/text.go:16.41,16.58 1 0
github.com/arthurgray2k/goLogParser/internal/formats/text.go:19.54,19.68 1 0
github.com/arthurgray2k/goLogParser/internal/formats/text.go:34.56,38.53 2 0
github.com/arthurgray2k/goLogParser/internal/formats/text.go:38.53,41.3 2 0
github.com/arthurgray2k/goLogParser/internal/formats/text.go:44.2,44.58 1 0
github.com/arthurgray2k/goLogParser/internal/formats/text.go:44.58,48.16 3 0
github.com/arthurgray2k/goLogParser/internal/formats/text.go:48.16,50.67 2 0
github.com/arthurgray2k/goLogParser/internal/formats/text.go:50.67,52.5 1 0
github.com/arthurgray2k/goLogParser/internal/formats/text.go:53.4,54.65 2 0
[...]
github.com/arthurgray2k/goLogParser/internal/formats/web.go:173.73,174.38 1 0
github.com/arthurgray2k/goLogParser/internal/formats/web.go:174.38,176.4 1 0
github.com/arthurgray2k/goLogParser/internal/formats/web.go:178.2,178.10 1 1
github.com/arthurgray2k/goLogParser/internal/formats/web.go:181.58,184.14 3 0
github.com/arthurgray2k/goLogParser/internal/formats/web.go:184.14,187.3 2 0
github.com/arthurgray2k/goLogParser/internal/formats/web.go:189.2,193.16 4 0
github.com/arthurgray2k/goLogParser/internal/formats/web.go:193.16,196.42 2 0
github.com/arthurgray2k/goLogParser/internal/formats/web.go:196.42,198.4 1 0
github.com/arthurgray2k/goLogParser/internal/formats/web.go:198.9,198.46 1 0
github.com/arthurgray2k/goLogParser/internal/formats/web.go:198.46,199.79 1 0
github.com/arthurgray2k/goLogParser/internal/formats/web.go:199.79,201.5 1 0
github.com/arthurgray2k/goLogParser/internal/formats/web.go:202.9,204.4 1 0
github.com/arthurgray2k/goLogParser/internal/formats/web.go:207.2,209.10 3 0
github.com/arthurgray2k/goLogParser/internal/formats/web.go:217.13,217.53 1 1
github.com/arthurgray2k/goLogParser/internal/formats/web.go:219.43,219.68 1 0
github.com/arthurgray2k/goLogParser/internal/formats/web.go:221.61,222.36 1 1
github.com/arthurgray2k/goLogParser/internal/formats/web.go:222.36,224.3 1 0
github.com/arthurgray2k/goLogParser/internal/formats/web.go:225.2,225.10 1 1
github.com/arthurgray2k/goLogParser/internal/formats/web.go:228.58,232.2 3 0
github.com/arthurgray2k/goLogParser/internal/formats/web.go:245.13,245.52 1 1
github.com/arthurgray2k/goLogParser/internal/formats/web.go:247.42,247.66 1 0
github.com/arthurgray2k/goLogParser/internal/formats/web.go:249.60,250.38 1 1
github.com/arthurgray2k/goLogParser/internal/formats/web.go:250.38,252.3 1 0
github.com/arthurgray2k/goLogParser/internal/formats/web.go:253.2,253.10 1 1
github.com/arthurgray2k/goLogParser/internal/formats/web.go:256.57,259.14 3 0
github.com/arthurgray2k/goLogParser/internal/formats/web.go:259.14,262.3 2 0
github.com/arthurgray2k/goLogParser/internal/formats/web.go:264.2,273.16 6 0
github.com/arthurgray2k/goLogParser/internal/formats/web.go:273.16,275.3 1 0
github.com/arthurgray2k/goLogParser/internal/formats/web.go:277.2,279.10 3 0
github.com/arthurgray2k/goLogParser/internal/parser/parser.go:50.105,52.16 2 1
github.com/arthurgray2k/goLogParser/internal/parser/parser.go:52.16,54.3 1 0
github.com/arthurgray2k/goLogParser/internal/parser/parser.go:56.2,56.19 1 1
github.com/arthurgray2k/goLogParser/internal/parser/parser.go:56.19,58.3 1 0
github.com/arthurgray2k/goLogParser/internal/parser/parser.go:60.2,65.8 1 1
github.com/arthurgray2k/goLogParser/internal/parser/parser.go:70.93,74.18 3 1
github.com/arthurgray2k/goLogParser/internal/parser/parser.go:74.18,76.3 1 1
github.com/arthurgray2k/goLogParser/internal/parser/parser.go:78.2,79.20 2 1
github.com/arthurgray2k/goLogParser/internal/parser/parser.go:79.20,81.3 1 1
github.com/arthurgray2k/goLogParser/internal/parser/parser.go:84.2,85.61 2 1
github.com/arthurgray2k/goLogParser/internal/parser/parser.go:85.61,88.3 1 1
github.com/arthurgray2k/goLogParser/internal/parser/parser.go:88.8,91.17 3 0
github.com/arthurgray2k/goLogParser/internal/parser/parser.go:91.17,93.4 1 0
github.com/arthurgray2k/goLogParser/internal/parser/parser.go:97.2,112.31 6 1
github.com/arthurgray2k/goLogParser/internal/parser/parser.go:112.31,114.13 2 1
github.com/arthurgray2k/goLogParser/internal/parser/parser.go:114.13,117.4 2 1
github.com/arthurgray2k/goLogParser/internal/parser/parser.go:121.2,121.12 1 1
github.com/arthurgray2k/goLogParser/internal/parser/parser.go:121.12,125.28 3 1
github.com/arthurgray2k/goLogParser/internal/parser/parser.go:125.28,127.31 2 1
github.com/arthurgray2k/goLogParser/internal/parser/parser.go:127.31,128.12 1 0
github.com/arthurgray2k/goLogParser/internal/parser/parser.go:129.23,130.12 1 0
github.com/arthurgray2k/goLogParser/internal/parser/parser.go:131.27,131.27 0 0
github.com/arthurgray2k/goLogParser/internal/parser/parser.go:133.5,133.47 1 0
github.com/arthurgray2k/goLogParser/internal/parser/parser.go:136.3,136.21 1 1
github.com/arthurgray2k/goLogParser/internal/parser/parser.go:136.21,137.11 1 1
github.com/arthurgray2k/goLogParser/internal/parser/parser.go:138.22,138.22 0 0
github.com/arthurgray2k/goLogParser/internal/parser/parser.go:139.26,139.26 0 1
github.com/arthurgray2k/goLogParser/internal/parser/parser.go:145.2,151.12 2 1
github.com/arthurgray2k/goLogParser/internal/parser/parser.go:151.12,153.27 2 1
github.com/arthurgray2k/goLogParser/internal/parser/parser.go:153.27,155.4 1 1
github.com/arthurgray2k/goLogParser/internal/parser/parser.go:158.2,158.12 1 1
github.com/arthurgray2k/goLogParser/internal/parser/parser.go:158.12,159.26 1 1
github.com/arthurgray2k/goLogParser/internal/parser/parser.go:159.26,161.4 1 0
github.com/arthurgray2k/goLogParser/internal/parser/parser.go:165.2,185.8 8 1
github.com/arthurgray2k/goLogParser/internal/parser/parser.go:196.3,200.6 2 1
github.com/arthurgray2k/goLogParser/internal/parser/parser.go:200.6,201.10 1 1
github.com/arthurgray2k/goLogParser/internal/parser/parser.go:202.21,203.10 1 0
github.com/arthurgray2k/goLogParser/internal/parser/parser.go:204.31,205.11 1 1
github.com/arthurgray2k/goLogParser/internal/parser/parser.go:205.11,207.5 1 1
github.com/arthurgray2k/goLogParser/internal/parser/parser.go:208.4,208.31 1 1
github.com/arthurgray2k/goLogParser/internal/parser/parser.go:208.31,209.24 1 1
github.com/arthurgray2k/goLogParser/internal/parser/parser.go:209.24,210.14 1 0
github.com/arthurgray2k/goLogParser/internal/parser/parser.go:214.5,214.27 1 1
github.com/arthurgray2k/goLogParser/internal/parser/parser.go:214.27,220.6 2 1
github.com/arthurgray2k/goLogParser/internal/parser/parser.go:222.5,225.32 3 1
github.com/arthurgray2k/goLogParser/internal/parser/parser.go:225.32,226.13 1 0
github.com/arthurgray2k/goLogParser/internal/parser/parser.go:227.96,227.96 0 0
github.com/arthurgray2k/goLogParser/internal/parser/parser.go:228.14,228.14 0 0
github.com/arthurgray2k/goLogParser/internal/parser/parser.go:233.5,233.30 1 1
github.com/arthurgray2k/goLogParser/internal/parser/parser.go:233.30,234.13 1 1
github.com/arthurgray2k/goLogParser/internal/parser/parser.go:235.24,236.13 1 0
github.com/arthurgray2k/goLogParser/internal/parser/parser.go:237.29,237.29 0 1
github.com/arthurgray2k/goLogParser/internal/reader/reader.go:41.46,42.9 1 1
github.com/arthurgray2k/goLogParser/internal/reader/reader.go:43.38,44.24 1 0
github.com/arthurgray2k/goLogParser/internal/reader/reader.go:45.39,46.23 1 0
github.com/arthurgray2k/goLogParser/internal/reader/reader.go:47.10,48.25 1 1
github.com/arthurgray2k/goLogParser/internal/reader/reader.go:54.79,55.28 1 0
github.com/arthurgray2k/goLogParser/internal/reader/reader.go:55.28,57.3 1 0
github.com/arthurgray2k/goLogParser/internal/reader/reader.go:59.2,61.62 2 0
github.com/arthurgray2k/goLogParser/internal/reader/reader.go:61.62,62.17 1 0
github.com/arthurgray2k/goLogParser/internal/reader/reader.go:62.17,64.4 1 0
github.com/arthurgray2k/goLogParser/internal/reader/reader.go:65.3,65.23 1 0
github.com/arthurgray2k/goLogParser/internal/reader/reader.go:65.23,67.4 1 0
github.com/arthurgray2k/goLogParser/internal/reader/reader.go:68.3,68.16 1 0
github.com/arthurgray2k/goLogParser/internal/reader/reader.go:68.16,69.38 1 0
github.com/arthurgray2k/goLogParser/internal/reader/reader.go:69.38,71.5 1 0
github.com/arthurgray2k/goLogParser/internal/reader/reader.go:72.4,72.14 1 0
github.com/arthurgray2k/goLogParser/internal/reader/reader.go:74.3,74.59 1 0
github.com/arthurgray2k/goLogParser/internal/reader/reader.go:74.59,76.4 1 0
github.com/arthurgray2k/goLogParser/internal/reader/reader.go:77.3,78.29 2 0
github.com/arthurgray2k/goLogParser/internal/reader/reader.go:78.29,80.4 1 0
github.com/arthurgray2k/goLogParser/internal/reader/reader.go:81.3,82.17 2 0
github.com/arthurgray2k/goLogParser/internal/reader/reader.go:82.17,85.4 1 0
github.com/arthurgray2k/goLogParser/internal/reader/reader.go:86.3,87.13 2 0
github.com/arthurgray2k/goLogParser/internal/reader/reader.go:90.2,90.54 1 0
github.com/arthurgray2k/goLogParser/internal/reader/reader.go:90.54,92.3 1 0
github.com/arthurgray2k/goLogParser/internal/reader/reader.go:93.2,93.21 1 0
github.com/arthurgray2k/goLogParser/internal/reader/reader.go:97.21,99.2 1 0
github.com/arthurgray2k/goLogParser/internal/reader/reader.go:103.47,105.16 2 1
github.com/arthurgray2k/goLogParser/internal/reader/reader.go:105.16,107.3 1 1
github.com/arthurgray2k/goLogParser/internal/reader/reader.go:108.2,108.43 1 1
github.com/arthurgray2k/goLogParser/internal/reader/reader.go:111.46,113.16 2 0
github.com/arthurgray2k/goLogParser/internal/reader/reader.go:113.16,115.3 1 0
github.com/arthurgray2k/goLogParser/internal/reader/reader.go:116.2,117.16 2 0
github.com/arthurgray2k/goLogParser/internal/reader/reader.go:117.16,120.3 2 0
github.com/arthurgray2k/goLogParser/internal/reader/reader.go:122.2,122.67 1 0
github.com/arthurgray2k/goLogParser/internal/reader/reader.go:131.51,131.75 1 0
github.com/arthurgray2k/goLogParser/internal/reader/reader.go:132.37,135.18 3 0
github.com/arthurgray2k/goLogParser/internal/reader/reader.go:135.18,137.3 1 0
github.com/arthurgray2k/goLogParser/internal/reader/reader.go:138.2,138.13 1 0
github.com/arthurgray2k/goLogParser/internal/reader/reader.go:141.45,143.16 2 0
github.com/arthurgray2k/goLogParser/internal/reader/reader.go:143.16,145.3 1 0
github.com/arthurgray2k/goLogParser/internal/reader/reader.go:147.2,148.29 2 0
github.com/arthurgray2k/goLogParser/internal/reader/reader.go:148.29,149.28 1 0
github.com/arthurgray2k/goLogParser/internal/reader/reader.go:149.28,150.12 1 0
github.com/arthurgray2k/goLogParser/internal/reader/reader.go:152.3,153.17 2 0
github.com/arthurgray2k/goLogParser/internal/reader/reader.go:153.17,154.12 1 0
github.com/arthurgray2k/goLogParser/internal/reader/reader.go:156.3,158.56 2 0
github.com/arthurgray2k/goLogParser/internal/reader/reader.go:165.2,165.22 1 0
github.com/arthurgray2k/goLogParser/internal/reader/reader.go:165.22,171.3 2 0
github.com/arthurgray2k/goLogParser/internal/reader/reader.go:171.8,173.3 1 0
github.com/arthurgray2k/goLogParser/internal/reader/reader.go:175.2,175.21 1 0
github.com/arthurgray2k/goLogParser/internal/reader/reader.go:184.54,186.2 1 0
github.com/arthurgray2k/goLogParser/internal/reader/reader.go:188.40,191.18 3 0
github.com/arthurgray2k/goLogParser/internal/reader/reader.go:191.18,193.3 1 0
github.com/arthurgray2k/goLogParser/internal/reader/reader.go:194.2,194.14 1 0
github.com/arthurgray2k/goLogParser/internal/scanner/scanner.go:28.76,31.12 2 1
github.com/arthurgray2k/goLogParser/internal/scanner/scanner.go:31.12,37.7 4 1
github.com/arthurgray2k/goLogParser/internal/scanner/scanner.go:37.7,38.11 1 1
github.com/arthurgray2k/goLogParser/internal/scanner/scanner.go:39.22,40.11 1 0
github.com/arthurgray2k/goLogParser/internal/scanner/scanner.go:41.12,41.12 0 1
github.com/arthurgray2k/goLogParser/internal/scanner/scanner.go:44.4,45.21 2 1
github.com/arthurgray2k/goLogParser/internal/scanner/scanner.go:45.21,47.51 1 1
github.com/arthurgray2k/goLogParser/internal/scanner/scanner.go:47.51,49.6 1 1
github.com/arthurgray2k/goLogParser/internal/scanner/scanner.go:50.5,50.51 1 1
github.com/arthurgray2k/goLogParser/internal/scanner/scanner.go:50.51,52.6 1 0
github.com/arthurgray2k/goLogParser/internal/scanner/scanner.go:54.5,55.12 2 1
github.com/arthurgray2k/goLogParser/internal/scanner/scanner.go:56.23,57.12 1 0
github.com/arthurgray2k/goLogParser/internal/scanner/scanner.go:58.70,58.70 0 1
github.com/arthurgray2k/goLogParser/internal/scanner/scanner.go:62.4,62.18 1 1
github.com/arthurgray2k/goLogParser/internal/scanner/scanner.go:62.18,63.22 1 1
github.com/arthurgray2k/goLogParser/internal/scanner/scanner.go:63.22,67.6 1 0
github.com/arthurgray2k/goLogParser/internal/scanner/scanner.go:68.5,68.11 1 1
github.com/arthurgray2k/goLogParser/internal/scanner/scanner.go:73.2,73.11 1 1
github.com/arthurgray2k/goLogParser/internal/statistics/statistics.go:44.23,52.2 1 1
github.com/arthurgray2k/goLogParser/internal/statistics/statistics.go:56.45,62.25 4 1
github.com/arthurgray2k/goLogParser/internal/statistics/statistics.go:62.25,64.3 1 0
github.com/arthurgray2k/goLogParser/internal/statistics/statistics.go:64.8,66.3 1 1
github.com/arthurgray2k/goLogParser/internal/statistics/statistics.go:68.2,69.17 2 1
github.com/arthurgray2k/goLogParser/internal/statistics/statistics.go:69.17,71.3 1 0
github.com/arthurgray2k/goLogParser/internal/statistics/statistics.go:72.2,74.21 2 1
github.com/arthurgray2k/goLogParser/internal/statistics/statistics.go:74.21,76.3 1 0
github.com/arthurgray2k/goLogParser/internal/statistics/statistics.go:77.2,77.18 1 1
github.com/arthurgray2k/goLogParser/internal/statistics/statistics.go:77.18,79.3 1 0
github.com/arthurgray2k/goLogParser/internal/statistics/statistics.go:81.2,81.27 1 1
github.com/arthurgray2k/goLogParser/internal/statistics/statistics.go:81.27,82.90 1 0
github.com/arthurgray2k/goLogParser/internal/statistics/statistics.go:82.90,84.4 1 0
github.com/arthurgray2k/goLogParser/internal/statistics/statistics.go:85.3,85.49 1 0
github.com/arthurgray2k/goLogParser/internal/statistics/statistics.go:85.49,87.4 1 0
github.com/arthurgray2k/goLogParser/internal/statistics/statistics.go:92.50,96.2 3 1
github.com/arthurgray2k/goLogParser/internal/statistics/statistics.go:99.38,114.35 4 1
github.com/arthurgray2k/goLogParser/internal/statistics/statistics.go:114.35,116.3 1 1
github.com/arthurgray2k/goLogParser/internal/statistics/statistics.go:117.2,117.37 1 1
github.com/arthurgray2k/goLogParser/internal/statistics/statistics.go:117.37,119.3 1 0
github.com/arthurgray2k/goLogParser/internal/statistics/statistics.go:120.2,120.34 1 1
github.com/arthurgray2k/goLogParser/internal/statistics/statistics.go:120.34,122.3 1 0
github.com/arthurgray2k/goLogParser/internal/statistics/statistics.go:123.2,123.13 1 1
github.com/arthurgray2k/goLogParser/internal/statistics/statistics.go:127.42,131.2 3 0
github.com/arthurgray2k/goLogParser/internal/statistics/statistics.go:134.39,138.2 3 0
github.com/arthurgray2k/goLogParser/internal/tail/tail.go:30.112,31.19 1 1
github.com/arthurgray2k/goLogParser/internal/tail/tail.go:31.19,33.3 1 0
github.com/arthurgray2k/goLogParser/internal/tail/tail.go:35.2,36.16 2 1
github.com/arthurgray2k/goLogParser/internal/tail/tail.go:36.16,38.3 1 1
github.com/arthurgray2k/goLogParser/internal/tail/tail.go:41.2,41.49 1 0
github.com/arthurgray2k/goLogParser/internal/tail/tail.go:41.49,44.3 2 0
github.com/arthurgray2k/goLogParser/internal/tail/tail.go:46.2,47.16 2 0
github.com/arthurgray2k/goLogParser/internal/tail/tail.go:47.16,50.3 2 0
github.com/arthurgray2k/goLogParser/internal/tail/tail.go:52.2,53.23 2 0
github.com/arthurgray2k/goLogParser/internal/tail/tail.go:53.23,55.3 1 0
github.com/arthurgray2k/goLogParser/internal/tail/tail.go:57.2,59.12 2 0
github.com/arthurgray2k/goLogParser/internal/tail/tail.go:59.12,69.7 7 0
github.com/arthurgray2k/goLogParser/internal/tail/tail.go:69.7,70.11 1 0
github.com/arthurgray2k/goLogParser/internal/tail/tail.go:71.22,72.11 1 0
github.com/arthurgray2k/goLogParser/internal/tail/tail.go:73.20,74.9 1 0
github.com/arthurgray2k/goLogParser/internal/tail/tail.go:74.9,76.23 2 0
github.com/arthurgray2k/goLogParser/internal/tail/tail.go:76.23,78.53 1 0
github.com/arthurgray2k/goLogParser/internal/tail/tail.go:78.53,80.8 1 0
github.com/arthurgray2k/goLogParser/internal/tail/tail.go:81.7,81.53 1 0
github.com/arthurgray2k/goLogParser/internal/tail/tail.go:81.53,83.8 1 0
github.com/arthurgray2k/goLogParser/internal/tail/tail.go:85.7,85.27 1 0
github.com/arthurgray2k/goLogParser/internal/tail/tail.go:85.27,89.8 2 0
github.com/arthurgray2k/goLogParser/internal/tail/tail.go:91.7,93.30 2 0
github.com/arthurgray2k/goLogParser/internal/tail/tail.go:93.30,94.15 1 0
github.com/arthurgray2k/goLogParser/internal/tail/tail.go:95.52,95.52 0 0
github.com/arthurgray2k/goLogParser/internal/tail/tail.go:96.26,97.15 1 0
github.com/arthurgray2k/goLogParser/internal/tail/tail.go:101.6,101.20 1 0
github.com/arthurgray2k/goLogParser/internal/tail/tail.go:101.20,103.12 1 0
github.com/arthurgray2k/goLogParser/internal/tail/tail.go:110.2,110.16 1 0
github.com/arthurgray2k/goLogParser/pkg/goLogParser/goLogParser.go:117.20,119.2 1 1
github.com/arthurgray2k/goLogParser/pkg/goLogParser/goLogParser.go:122.44,124.2 1 0
github.com/arthurgray2k/goLogParser/pkg/goLogParser/goLogParser.go:128.116,130.16 2 1
github.com/arthurgray2k/goLogParser/pkg/goLogParser/goLogParser.go:130.16,132.3 1 1
github.com/arthurgray2k/goLogParser/pkg/goLogParser/goLogParser.go:134.2,134.47 1 1
github.com/arthurgray2k/goLogParser/pkg/goLogParser/goLogParser.go:138.135,140.16 2 0
github.com/arthurgray2k/goLogParser/pkg/goLogParser/goLogParser.go:140.16,142.3 1 0
github.com/arthurgray2k/goLogParser/pkg/goLogParser/goLogParser.go:143.2,143.47 1 0
github.com/arthurgray2k/goLogParser/pkg/goLogParser/goLogParser.go:147.131,150.2 2 0
github.com/arthurgray2k/goLogParser/pkg/goLogParser/goLogParser.go:153.104,155.2 1 0
github.com/arthurgray2k/goLogParser/pkg/goLogParser/goLogParser.go:158.131,160.16 2 1
github.com/arthurgray2k/goLogParser/pkg/goLogParser/goLogParser.go:160.16,162.3 1 0
github.com/arthurgray2k/goLogParser/pkg/goLogParser/goLogParser.go:164.2,166.27 2 1
github.com/arthurgray2k/goLogParser/pkg/goLogParser/goLogParser.go:166.27,167.10 1 1
github.com/arthurgray2k/goLogParser/pkg/goLogParser/goLogParser.go:167.10,170.21 3 1
github.com/arthurgray2k/goLogParser/pkg/goLogParser/goLogParser.go:170.21,173.5 2 0
github.com/arthurgray2k/goLogParser/pkg/goLogParser/goLogParser.go:174.4,176.42 3 1
github.com/arthurgray2k/goLogParser/pkg/goLogParser/goLogParser.go:180.2,180.22 1 1
github.com/arthurgray2k/goLogParser/pkg/goLogParser/goLogParser.go:187.56,190.35 3 0
github.com/arthurgray2k/goLogParser/pkg/goLogParser/goLogParser.go:190.35,191.25 1 0
github.com/arthurgray2k/goLogParser/pkg/goLogParser/goLogParser.go:191.25,193.4 1 0
github.com/arthurgray2k/goLogParser/pkg/goLogParser/goLogParser.go:195.2,195.12 1 0
github.com/arthurgray2k/goLogParser/pkg/goLogParser/goLogParser.go:199.42,201.2 1 0
github.com/arthurgray2k/goLogParser/pkg/goLogParser/goLogParser.go:205.50,207.2 1 0
github.com/arthurgray2k/goLogParser/pkg/goLogParser/goLogParser.go:210.50,212.2 1 0
github.com/arthurgray2k/goLogParser/pkg/goLogParser/goLogParser.go:226.37,228.2 1 0
github.com/arthurgray2k/goLogParser/pkg/goLogParser/goLogParser.go:234.98,236.2 1 1
github.com/arthurgray2k/goLogParser/pkg/goLogParser/goLogParser.go:240.62,246.23 5 1
github.com/arthurgray2k/goLogParser/pkg/goLogParser/goLogParser.go:246.23,248.3 1 1
github.com/arthurgray2k/goLogParser/pkg/goLogParser/goLogParser.go:249.2,249.31 1 1
github.com/arthurgray2k/goLogParser/pkg/goLogParser/goLogParser.go:249.31,251.3 1 1
github.com/arthurgray2k/goLogParser/pkg/goLogParser/goLogParser.go:253.2,253.25 1 1
github.com/arthurgray2k/goLogParser/pkg/goLogParser/goLogParser.go:253.25,255.3 1 1
github.com/arthurgray2k/goLogParser/pkg/goLogParser/goLogParser.go:256.2,256.33 1 1
github.com/arthurgray2k/goLogParser/pkg/goLogParser/goLogParser.go:256.33,258.3 1 0
github.com/arthurgray2k/goLogParser/pkg/goLogParser/goLogParser.go:260.2,260.22 1 1
github.com/arthurgray2k/goLogParser/pkg/goLogParser/goLogParser.go:260.22,262.3 1 1
github.com/arthurgray2k/goLogParser/pkg/goLogParser/goLogParser.go:263.2,263.30 1 1
github.com/arthurgray2k/goLogParser/pkg/goLogParser/goLogParser.go:263.30,265.3 1 0
github.com/arthurgray2k/goLogParser/pkg/goLogParser/goLogParser.go:267.2,267.37 1 1
github.com/arthurgray2k/goLogParser/pkg/goLogParser/goLogParser.go:267.37,268.92 1 0
github.com/arthurgray2k/goLogParser/pkg/goLogParser/goLogParser.go:268.92,270.4 1 0
github.com/arthurgray2k/goLogParser/pkg/goLogParser/goLogParser.go:272.2,272.52 1 1
github.com/arthurgray2k/goLogParser/pkg/goLogParser/goLogParser.go:272.52,274.3 1 0
